<?xml version="1.0" encoding="UTF-8"?>
<testsuite xmlns:xsi="http://www.w3.org/2001/XMLSchema-instance" xsi:noNamespaceSchemaLocation="https://maven.apache.org/surefire/maven-surefire-plugin/xsd/surefire-test-report.xsd" name="com.leyou.search.client.CategoryClientTest" time="62.065" tests="1" errors="0" skipped="0" failures="0">
  <properties>
    <property name="sun.desktop" value="windows"/>
    <property name="awt.toolkit" value="sun.awt.windows.WToolkit"/>
    <property name="file.encoding.pkg" value="sun.io"/>
    <property name="java.specification.version" value="1.8"/>
    <property name="sun.cpu.isalist" value="amd64"/>
    <property name="sun.jnu.encoding" value="GBK"/>
    <property name="java.class.path" value="C:\Users\Lenovo\Desktop\master\spring_zg2_demo\leyou\ly-search\target\test-classes;C:\Users\Lenovo\Desktop\master\spring_zg2_demo\leyou\ly-search\target\classes;D:\Maven\maven_repository\org\springframework\cloud\spring-cloud-starter-netflix-eureka-client\2.2.2.RELEASE\spring-cloud-starter-netflix-eureka-client-2.2.2.RELEASE.jar;D:\Maven\maven_repository\org\springframework\cloud\spring-cloud-starter\2.2.2.RELEASE\spring-cloud-starter-2.2.2.RELEASE.jar;D:\Maven\maven_repository\org\springframework\cloud\spring-cloud-context\2.2.2.RELEASE\spring-cloud-context-2.2.2.RELEASE.jar;D:\Maven\maven_repository\org\springframework\security\spring-security-rsa\1.0.9.RELEASE\spring-security-rsa-1.0.9.RELEASE.jar;D:\Maven\maven_repository\org\bouncycastle\bcpkix-jdk15on\1.64\bcpkix-jdk15on-1.64.jar;D:\Maven\maven_repository\org\bouncycastle\bcprov-jdk15on\1.64\bcprov-jdk15on-1.64.jar;D:\Maven\maven_repository\org\springframework\cloud\spring-cloud-netflix-hystrix\2.2.2.RELEASE\spring-cloud-netflix-hystrix-2.2.2.RELEASE.jar;D:\Maven\maven_repository\org\springframework\boot\spring-boot-autoconfigure\2.2.5.RELEASE\spring-boot-autoconfigure-2.2.5.RELEASE.jar;D:\Maven\maven_repository\org\springframework\boot\spring-boot-starter-aop\2.2.5.RELEASE\spring-boot-starter-aop-2.2.5.RELEASE.jar;D:\Maven\maven_repository\org\aspectj\aspectjweaver\1.9.5\aspectjweaver-1.9.5.jar;D:\Maven\maven_repository\org\springframework\cloud\spring-cloud-netflix-eureka-client\2.2.2.RELEASE\spring-cloud-netflix-eureka-client-2.2.2.RELEASE.jar;D:\Maven\maven_repository\com\netflix\eureka\eureka-client\1.9.17\eureka-client-1.9.17.jar;D:\Maven\maven_repository\org\codehaus\jettison\jettison\1.3.7\jettison-1.3.7.jar;D:\Maven\maven_repository\stax\stax-api\1.0.1\stax-api-1.0.1.jar;D:\Maven\maven_repository\com\netflix\netflix-commons\netflix-eventbus\0.3.0\netflix-eventbus-0.3.0.jar;D:\Maven\maven_repository\com\netflix\netflix-commons\netflix-infix\0.3.0\netflix-infix-0.3.0.jar;D:\Maven\maven_repository\commons-jxpath\commons-jxpath\1.3\commons-jxpath-1.3.jar;D:\Maven\maven_repository\org\antlr\antlr-runtime\3.4\antlr-runtime-3.4.jar;D:\Maven\maven_repository\org\antlr\stringtemplate\3.2.1\stringtemplate-3.2.1.jar;D:\Maven\maven_repository\antlr\antlr\2.7.7\antlr-2.7.7.jar;D:\Maven\maven_repository\com\google\code\gson\gson\2.8.6\gson-2.8.6.jar;D:\Maven\maven_repository\org\apache\commons\commons-math\2.2\commons-math-2.2.jar;D:\Maven\maven_repository\com\netflix\archaius\archaius-core\0.7.6\archaius-core-0.7.6.jar;D:\Maven\maven_repository\com\google\guava\guava\28.2-android\guava-28.2-android.jar;D:\Maven\maven_repository\com\google\guava\failureaccess\1.0.1\failureaccess-1.0.1.jar;D:\Maven\maven_repository\com\google\guava\listenablefuture\9999.0-empty-to-avoid-conflict-with-guava\listenablefuture-9999.0-empty-to-avoid-conflict-with-guava.jar;D:\Maven\maven_repository\org\checkerframework\checker-compat-qual\2.5.5\checker-compat-qual-2.5.5.jar;D:\Maven\maven_repository\com\google\errorprone\error_prone_annotations\2.3.4\error_prone_annotations-2.3.4.jar;D:\Maven\maven_repository\com\google\j2objc\j2objc-annotations\1.3\j2objc-annotations-1.3.jar;D:\Maven\maven_repository\javax\ws\rs\jsr311-api\1.1.1\jsr311-api-1.1.1.jar;D:\Maven\maven_repository\com\netflix\servo\servo-core\0.12.21\servo-core-0.12.21.jar;D:\Maven\maven_repository\com\sun\jersey\jersey-core\1.19.1\jersey-core-1.19.1.jar;D:\Maven\maven_repository\com\sun\jersey\jersey-client\1.19.1\jersey-client-1.19.1.jar;D:\Maven\maven_repository\com\sun\jersey\contribs\jersey-apache-client4\1.19.1\jersey-apache-client4-1.19.1.jar;D:\Maven\maven_repository\org\apache\httpcomponents\httpclient\4.5.11\httpclient-4.5.11.jar;D:\Maven\maven_repository\org\apache\httpcomponents\httpcore\4.4.13\httpcore-4.4.13.jar;D:\Maven\maven_repository\commons-codec\commons-codec\1.13\commons-codec-1.13.jar;D:\Maven\maven_repository\com\google\inject\guice\4.1.0\guice-4.1.0.jar;D:\Maven\maven_repository\javax\inject\javax.inject\1\javax.inject-1.jar;D:\Maven\maven_repository\aopalliance\aopalliance\1.0\aopalliance-1.0.jar;D:\Maven\maven_repository\com\fasterxml\jackson\core\jackson-annotations\2.10.2\jackson-annotations-2.10.2.jar;D:\Maven\maven_repository\com\fasterxml\jackson\core\jackson-core\2.10.2\jackson-core-2.10.2.jar;D:\Maven\maven_repository\com\netflix\eureka\eureka-core\1.9.17\eureka-core-1.9.17.jar;D:\Maven\maven_repository\com\fasterxml\woodstox\woodstox-core\5.2.1\woodstox-core-5.2.1.jar;D:\Maven\maven_repository\org\codehaus\woodstox\stax2-api\4.2\stax2-api-4.2.jar;D:\Maven\maven_repository\org\springframework\cloud\spring-cloud-starter-netflix-archaius\2.2.2.RELEASE\spring-cloud-starter-netflix-archaius-2.2.2.RELEASE.jar;D:\Maven\maven_repository\org\springframework\cloud\spring-cloud-netflix-ribbon\2.2.2.RELEASE\spring-cloud-netflix-ribbon-2.2.2.RELEASE.jar;D:\Maven\maven_repository\org\springframework\cloud\spring-cloud-netflix-archaius\2.2.2.RELEASE\spring-cloud-netflix-archaius-2.2.2.RELEASE.jar;D:\Maven\maven_repository\commons-configuration\commons-configuration\1.8\commons-configuration-1.8.jar;D:\Maven\maven_repository\commons-lang\commons-lang\2.6\commons-lang-2.6.jar;D:\Maven\maven_repository\org\springframework\cloud\spring-cloud-starter-netflix-ribbon\2.2.2.RELEASE\spring-cloud-starter-netflix-ribbon-2.2.2.RELEASE.jar;D:\Maven\maven_repository\com\netflix\ribbon\ribbon\2.3.0\ribbon-2.3.0.jar;D:\Maven\maven_repository\com\netflix\ribbon\ribbon-transport\2.3.0\ribbon-transport-2.3.0.jar;D:\Maven\maven_repository\io\reactivex\rxnetty-contexts\0.4.9\rxnetty-contexts-0.4.9.jar;D:\Maven\maven_repository\io\reactivex\rxnetty-servo\0.4.9\rxnetty-servo-0.4.9.jar;D:\Maven\maven_repository\io\reactivex\rxnetty\0.4.9\rxnetty-0.4.9.jar;D:\Maven\maven_repository\com\netflix\ribbon\ribbon-core\2.3.0\ribbon-core-2.3.0.jar;D:\Maven\maven_repository\com\netflix\ribbon\ribbon-httpclient\2.3.0\ribbon-httpclient-2.3.0.jar;D:\Maven\maven_repository\commons-collections\commons-collections\3.2.2\commons-collections-3.2.2.jar;D:\Maven\maven_repository\com\netflix\netflix-commons\netflix-commons-util\0.3.0\netflix-commons-util-0.3.0.jar;D:\Maven\maven_repository\com\netflix\ribbon\ribbon-loadbalancer\2.3.0\ribbon-loadbalancer-2.3.0.jar;D:\Maven\maven_repository\com\netflix\netflix-commons\netflix-statistics\0.1.1\netflix-statistics-0.1.1.jar;D:\Maven\maven_repository\io\reactivex\rxjava\1.3.8\rxjava-1.3.8.jar;D:\Maven\maven_repository\org\springframework\cloud\spring-cloud-starter-loadbalancer\2.2.2.RELEASE\spring-cloud-starter-loadbalancer-2.2.2.RELEASE.jar;D:\Maven\maven_repository\org\springframework\cloud\spring-cloud-loadbalancer\2.2.2.RELEASE\spring-cloud-loadbalancer-2.2.2.RELEASE.jar;D:\Maven\maven_repository\io\projectreactor\reactor-core\3.3.3.RELEASE\reactor-core-3.3.3.RELEASE.jar;D:\Maven\maven_repository\org\reactivestreams\reactive-streams\1.0.3\reactive-streams-1.0.3.jar;D:\Maven\maven_repository\io\projectreactor\addons\reactor-extra\3.3.2.RELEASE\reactor-extra-3.3.2.RELEASE.jar;D:\Maven\maven_repository\org\springframework\boot\spring-boot-starter-cache\2.2.5.RELEASE\spring-boot-starter-cache-2.2.5.RELEASE.jar;D:\Maven\maven_repository\org\springframework\spring-context-support\5.2.4.RELEASE\spring-context-support-5.2.4.RELEASE.jar;D:\Maven\maven_repository\com\stoyanr\evictor\1.0.0\evictor-1.0.0.jar;D:\Maven\maven_repository\com\netflix\ribbon\ribbon-eureka\2.3.0\ribbon-eureka-2.3.0.jar;D:\Maven\maven_repository\org\slf4j\slf4j-api\1.7.30\slf4j-api-1.7.30.jar;D:\Maven\maven_repository\com\thoughtworks\xstream\xstream\1.4.11.1\xstream-1.4.11.1.jar;D:\Maven\maven_repository\xmlpull\xmlpull\1.1.3.1\xmlpull-1.1.3.1.jar;D:\Maven\maven_repository\xpp3\xpp3_min\1.1.4c\xpp3_min-1.1.4c.jar;D:\Maven\maven_repository\org\springframework\boot\spring-boot-starter-web\2.2.5.RELEASE\spring-boot-starter-web-2.2.5.RELEASE.jar;D:\Maven\maven_repository\org\springframework\boot\spring-boot-starter\2.2.5.RELEASE\spring-boot-starter-2.2.5.RELEASE.jar;D:\Maven\maven_repository\org\springframework\boot\spring-boot\2.2.5.RELEASE\spring-boot-2.2.5.RELEASE.jar;D:\Maven\maven_repository\jakarta\annotation\jakarta.annotation-api\1.3.5\jakarta.annotation-api-1.3.5.jar;D:\Maven\maven_repository\org\yaml\snakeyaml\1.25\snakeyaml-1.25.jar;D:\Maven\maven_repository\org\springframework\boot\spring-boot-starter-json\2.2.5.RELEASE\spring-boot-starter-json-2.2.5.RELEASE.jar;D:\Maven\maven_repository\com\fasterxml\jackson\datatype\jackson-datatype-jdk8\2.10.2\jackson-datatype-jdk8-2.10.2.jar;D:\Maven\maven_repository\com\fasterxml\jackson\datatype\jackson-datatype-jsr310\2.10.2\jackson-datatype-jsr310-2.10.2.jar;D:\Maven\maven_repository\com\fasterxml\jackson\module\jackson-module-parameter-names\2.10.2\jackson-module-parameter-names-2.10.2.jar;D:\Maven\maven_repository\org\springframework\boot\spring-boot-starter-tomcat\2.2.5.RELEASE\spring-boot-starter-tomcat-2.2.5.RELEASE.jar;D:\Maven\maven_repository\org\apache\tomcat\embed\tomcat-embed-el\9.0.31\tomcat-embed-el-9.0.31.jar;D:\Maven\maven_repository\org\apache\tomcat\embed\tomcat-embed-websocket\9.0.31\tomcat-embed-websocket-9.0.31.jar;D:\Maven\maven_repository\org\springframework\boot\spring-boot-starter-validation\2.2.5.RELEASE\spring-boot-starter-validation-2.2.5.RELEASE.jar;D:\Maven\maven_repository\jakarta\validation\jakarta.validation-api\2.0.2\jakarta.validation-api-2.0.2.jar;D:\Maven\maven_repository\org\hibernate\validator\hibernate-validator\6.0.18.Final\hibernate-validator-6.0.18.Final.jar;D:\Maven\maven_repository\org\jboss\logging\jboss-logging\3.4.1.Final\jboss-logging-3.4.1.Final.jar;D:\Maven\maven_repository\com\fasterxml\classmate\1.5.1\classmate-1.5.1.jar;D:\Maven\maven_repository\org\springframework\spring-web\5.2.4.RELEASE\spring-web-5.2.4.RELEASE.jar;D:\Maven\maven_repository\org\springframework\spring-beans\5.2.4.RELEASE\spring-beans-5.2.4.RELEASE.jar;D:\Maven\maven_repository\org\springframework\spring-webmvc\5.2.4.RELEASE\spring-webmvc-5.2.4.RELEASE.jar;D:\Maven\maven_repository\org\springframework\spring-aop\5.2.4.RELEASE\spring-aop-5.2.4.RELEASE.jar;D:\Maven\maven_repository\org\springframework\spring-context\5.2.4.RELEASE\spring-context-5.2.4.RELEASE.jar;D:\Maven\maven_repository\org\springframework\spring-expression\5.2.4.RELEASE\spring-expression-5.2.4.RELEASE.jar;D:\Maven\maven_repository\org\springframework\boot\spring-boot-starter-data-elasticsearch\2.2.5.RELEASE\spring-boot-starter-data-elasticsearch-2.2.5.RELEASE.jar;D:\Maven\maven_repository\org\springframework\data\spring-data-elasticsearch\3.2.5.RELEASE\spring-data-elasticsearch-3.2.5.RELEASE.jar;D:\Maven\maven_repository\org\springframework\spring-tx\5.2.4.RELEASE\spring-tx-5.2.4.RELEASE.jar;D:\Maven\maven_repository\org\springframework\data\spring-data-commons\2.2.5.RELEASE\spring-data-commons-2.2.5.RELEASE.jar;D:\Maven\maven_repository\joda-time\joda-time\2.10.5\joda-time-2.10.5.jar;D:\Maven\maven_repository\org\elasticsearch\client\transport\6.8.6\transport-6.8.6.jar;D:\Maven\maven_repository\org\elasticsearch\elasticsearch\6.8.6\elasticsearch-6.8.6.jar;D:\Maven\maven_repository\org\elasticsearch\elasticsearch-core\6.8.6\elasticsearch-core-6.8.6.jar;D:\Maven\maven_repository\org\elasticsearch\elasticsearch-secure-sm\6.8.6\elasticsearch-secure-sm-6.8.6.jar;D:\Maven\maven_repository\org\elasticsearch\elasticsearch-x-content\6.8.6\elasticsearch-x-content-6.8.6.jar;D:\Maven\maven_repository\com\fasterxml\jackson\dataformat\jackson-dataformat-smile\2.10.2\jackson-dataformat-smile-2.10.2.jar;D:\Maven\maven_repository\com\fasterxml\jackson\dataformat\jackson-dataformat-yaml\2.10.2\jackson-dataformat-yaml-2.10.2.jar;D:\Maven\maven_repository\com\fasterxml\jackson\dataformat\jackson-dataformat-cbor\2.10.2\jackson-dataformat-cbor-2.10.2.jar;D:\Maven\maven_repository\org\apache\lucene\lucene-core\7.7.2\lucene-core-7.7.2.jar;D:\Maven\maven_repository\org\apache\lucene\lucene-analyzers-common\7.7.2\lucene-analyzers-common-7.7.2.jar;D:\Maven\maven_repository\org\apache\lucene\lucene-backward-codecs\7.7.2\lucene-backward-codecs-7.7.2.jar;D:\Maven\maven_repository\org\apache\lucene\lucene-grouping\7.7.2\lucene-grouping-7.7.2.jar;D:\Maven\maven_repository\org\apache\lucene\lucene-highlighter\7.7.2\lucene-highlighter-7.7.2.jar;D:\Maven\maven_repository\org\apache\lucene\lucene-join\7.7.2\lucene-join-7.7.2.jar;D:\Maven\maven_repository\org\apache\lucene\lucene-memory\7.7.2\lucene-memory-7.7.2.jar;D:\Maven\maven_repository\org\apache\lucene\lucene-misc\7.7.2\lucene-misc-7.7.2.jar;D:\Maven\maven_repository\org\apache\lucene\lucene-queries\7.7.2\lucene-queries-7.7.2.jar;D:\Maven\maven_repository\org\apache\lucene\lucene-queryparser\7.7.2\lucene-queryparser-7.7.2.jar;D:\Maven\maven_repository\org\apache\lucene\lucene-sandbox\7.7.2\lucene-sandbox-7.7.2.jar;D:\Maven\maven_repository\org\apache\lucene\lucene-spatial\7.7.2\lucene-spatial-7.7.2.jar;D:\Maven\maven_repository\org\apache\lucene\lucene-spatial-extras\7.7.2\lucene-spatial-extras-7.7.2.jar;D:\Maven\maven_repository\org\apache\lucene\lucene-spatial3d\7.7.2\lucene-spatial3d-7.7.2.jar;D:\Maven\maven_repository\org\apache\lucene\lucene-suggest\7.7.2\lucene-suggest-7.7.2.jar;D:\Maven\maven_repository\org\elasticsearch\elasticsearch-cli\6.8.6\elasticsearch-cli-6.8.6.jar;D:\Maven\maven_repository\net\sf\jopt-simple\jopt-simple\5.0.2\jopt-simple-5.0.2.jar;D:\Maven\maven_repository\com\carrotsearch\hppc\0.7.1\hppc-0.7.1.jar;D:\Maven\maven_repository\com\tdunning\t-digest\3.2\t-digest-3.2.jar;D:\Maven\maven_repository\org\elasticsearch\jna\4.5.1\jna-4.5.1.jar;D:\Maven\maven_repository\org\elasticsearch\plugin\reindex-client\6.8.6\reindex-client-6.8.6.jar;D:\Maven\maven_repository\org\elasticsearch\elasticsearch-ssl-config\6.8.6\elasticsearch-ssl-config-6.8.6.jar;D:\Maven\maven_repository\org\elasticsearch\plugin\lang-mustache-client\6.8.6\lang-mustache-client-6.8.6.jar;D:\Maven\maven_repository\com\github\spullara\mustache\java\compiler\0.9.3\compiler-0.9.3.jar;D:\Maven\maven_repository\org\elasticsearch\plugin\percolator-client\6.8.6\percolator-client-6.8.6.jar;D:\Maven\maven_repository\org\elasticsearch\plugin\parent-join-client\6.8.6\parent-join-client-6.8.6.jar;D:\Maven\maven_repository\org\elasticsearch\plugin\rank-eval-client\6.8.6\rank-eval-client-6.8.6.jar;D:\Maven\maven_repository\org\elasticsearch\plugin\transport-netty4-client\6.8.6\transport-netty4-client-6.8.6.jar;D:\Maven\maven_repository\io\netty\netty-buffer\4.1.45.Final\netty-buffer-4.1.45.Final.jar;D:\Maven\maven_repository\io\netty\netty-codec\4.1.45.Final\netty-codec-4.1.45.Final.jar;D:\Maven\maven_repository\io\netty\netty-codec-http\4.1.45.Final\netty-codec-http-4.1.45.Final.jar;D:\Maven\maven_repository\io\netty\netty-common\4.1.45.Final\netty-common-4.1.45.Final.jar;D:\Maven\maven_repository\io\netty\netty-handler\4.1.45.Final\netty-handler-4.1.45.Final.jar;D:\Maven\maven_repository\io\netty\netty-resolver\4.1.45.Final\netty-resolver-4.1.45.Final.jar;D:\Maven\maven_repository\io\netty\netty-transport\4.1.45.Final\netty-transport-4.1.45.Final.jar;D:\Maven\maven_repository\org\elasticsearch\client\elasticsearch-rest-high-level-client\6.8.6\elasticsearch-rest-high-level-client-6.8.6.jar;D:\Maven\maven_repository\org\elasticsearch\client\elasticsearch-rest-client\6.8.6\elasticsearch-rest-client-6.8.6.jar;D:\Maven\maven_repository\org\apache\httpcomponents\httpasyncclient\4.1.4\httpasyncclient-4.1.4.jar;D:\Maven\maven_repository\org\apache\httpcomponents\httpcore-nio\4.4.13\httpcore-nio-4.4.13.jar;D:\Maven\maven_repository\org\elasticsearch\plugin\aggs-matrix-stats-client\6.8.6\aggs-matrix-stats-client-6.8.6.jar;D:\Maven\maven_repository\org\springframework\cloud\spring-cloud-starter-openfeign\2.2.2.RELEASE\spring-cloud-starter-openfeign-2.2.2.RELEASE.jar;D:\Maven\maven_repository\org\springframework\cloud\spring-cloud-openfeign-core\2.2.2.RELEASE\spring-cloud-openfeign-core-2.2.2.RELEASE.jar;D:\Maven\maven_repository\io\github\openfeign\form\feign-form-spring\3.8.0\feign-form-spring-3.8.0.jar;D:\Maven\maven_repository\io\github\openfeign\form\feign-form\3.8.0\feign-form-3.8.0.jar;D:\Maven\maven_repository\commons-fileupload\commons-fileupload\1.4\commons-fileupload-1.4.jar;D:\Maven\maven_repository\commons-io\commons-io\2.2\commons-io-2.2.jar;D:\Maven\maven_repository\org\springframework\cloud\spring-cloud-commons\2.2.2.RELEASE\spring-cloud-commons-2.2.2.RELEASE.jar;D:\Maven\maven_repository\org\springframework\security\spring-security-crypto\5.2.2.RELEASE\spring-security-crypto-5.2.2.RELEASE.jar;D:\Maven\maven_repository\io\github\openfeign\feign-core\10.7.4\feign-core-10.7.4.jar;D:\Maven\maven_repository\io\github\openfeign\feign-slf4j\10.7.4\feign-slf4j-10.7.4.jar;D:\Maven\maven_repository\io\github\openfeign\feign-hystrix\10.7.4\feign-hystrix-10.7.4.jar;D:\Maven\maven_repository\com\netflix\hystrix\hystrix-core\1.5.18\hystrix-core-1.5.18.jar;D:\Maven\maven_repository\org\hdrhistogram\HdrHistogram\2.1.9\HdrHistogram-2.1.9.jar;D:\Maven\maven_repository\org\springframework\boot\spring-boot-starter-test\2.2.5.RELEASE\spring-boot-starter-test-2.2.5.RELEASE.jar;D:\Maven\maven_repository\org\springframework\boot\spring-boot-test\2.2.5.RELEASE\spring-boot-test-2.2.5.RELEASE.jar;D:\Maven\maven_repository\org\springframework\boot\spring-boot-test-autoconfigure\2.2.5.RELEASE\spring-boot-test-autoconfigure-2.2.5.RELEASE.jar;D:\Maven\maven_repository\com\jayway\jsonpath\json-path\2.4.0\json-path-2.4.0.jar;D:\Maven\maven_repository\net\minidev\json-smart\2.3\json-smart-2.3.jar;D:\Maven\maven_repository\net\minidev\accessors-smart\1.2\accessors-smart-1.2.jar;D:\Maven\maven_repository\org\ow2\asm\asm\5.0.4\asm-5.0.4.jar;D:\Maven\maven_repository\jakarta\xml\bind\jakarta.xml.bind-api\2.3.2\jakarta.xml.bind-api-2.3.2.jar;D:\Maven\maven_repository\jakarta\activation\jakarta.activation-api\1.2.2\jakarta.activation-api-1.2.2.jar;D:\Maven\maven_repository\org\junit\jupiter\junit-jupiter\5.5.2\junit-jupiter-5.5.2.jar;D:\Maven\maven_repository\org\junit\jupiter\junit-jupiter-api\5.5.2\junit-jupiter-api-5.5.2.jar;D:\Maven\maven_repository\org\opentest4j\opentest4j\1.2.0\opentest4j-1.2.0.jar;D:\Maven\maven_repository\org\junit\platform\junit-platform-commons\1.5.2\junit-platform-commons-1.5.2.jar;D:\Maven\maven_repository\org\junit\jupiter\junit-jupiter-params\5.5.2\junit-jupiter-params-5.5.2.jar;D:\Maven\maven_repository\org\junit\jupiter\junit-jupiter-engine\5.5.2\junit-jupiter-engine-5.5.2.jar;D:\Maven\maven_repository\org\junit\vintage\junit-vintage-engine\5.5.2\junit-vintage-engine-5.5.2.jar;D:\Maven\maven_repository\org\apiguardian\apiguardian-api\1.1.0\apiguardian-api-1.1.0.jar;D:\Maven\maven_repository\org\junit\platform\junit-platform-engine\1.5.2\junit-platform-engine-1.5.2.jar;D:\Maven\maven_repository\junit\junit\4.12\junit-4.12.jar;D:\Maven\maven_repository\org\mockito\mockito-junit-jupiter\3.1.0\mockito-junit-jupiter-3.1.0.jar;D:\Maven\maven_repository\org\assertj\assertj-core\3.13.2\assertj-core-3.13.2.jar;D:\Maven\maven_repository\org\hamcrest\hamcrest\2.1\hamcrest-2.1.jar;D:\Maven\maven_repository\org\mockito\mockito-core\3.1.0\mockito-core-3.1.0.jar;D:\Maven\maven_repository\net\bytebuddy\byte-buddy\1.10.8\byte-buddy-1.10.8.jar;D:\Maven\maven_repository\net\bytebuddy\byte-buddy-agent\1.10.8\byte-buddy-agent-1.10.8.jar;D:\Maven\maven_repository\org\objenesis\objenesis\2.6\objenesis-2.6.jar;D:\Maven\maven_repository\org\skyscreamer\jsonassert\1.5.0\jsonassert-1.5.0.jar;D:\Maven\maven_repository\com\vaadin\external\google\android-json\0.0.20131108.vaadin1\android-json-0.0.20131108.vaadin1.jar;D:\Maven\maven_repository\org\springframework\spring-core\5.2.4.RELEASE\spring-core-5.2.4.RELEASE.jar;D:\Maven\maven_repository\org\springframework\spring-jcl\5.2.4.RELEASE\spring-jcl-5.2.4.RELEASE.jar;D:\Maven\maven_repository\org\springframework\spring-test\5.2.4.RELEASE\spring-test-5.2.4.RELEASE.jar;D:\Maven\maven_repository\org\xmlunit\xmlunit-core\2.6.3\xmlunit-core-2.6.3.jar;C:\Users\Lenovo\Desktop\master\spring_zg2_demo\leyou\ly-item\ly-item-interface\target\ly-item-interface-1.0-SNAPSHOT.jar;D:\Maven\maven_repository\tk\mybatis\mapper-core\1.1.5\mapper-core-1.1.5.jar;D:\Maven\maven_repository\javax\persistence\persistence-api\1.0\persistence-api-1.0.jar;D:\Maven\maven_repository\com\fasterxml\jackson\core\jackson-databind\2.10.2\jackson-databind-2.10.2.jar;C:\Users\Lenovo\Desktop\master\spring_zg2_demo\leyou\ly-common\target\ly-common-1.0-SNAPSHOT.jar;D:\Maven\maven_repository\org\apache\tomcat\embed\tomcat-embed-core\9.0.31\tomcat-embed-core-9.0.31.jar;D:\Maven\maven_repository\org\apache\tomcat\tomcat-annotations-api\9.0.31\tomcat-annotations-api-9.0.31.jar;D:\Maven\maven_repository\org\springframework\boot\spring-boot-starter-logging\2.2.5.RELEASE\spring-boot-starter-logging-2.2.5.RELEASE.jar;D:\Maven\maven_repository\ch\qos\logback\logback-classic\1.2.3\logback-classic-1.2.3.jar;D:\Maven\maven_repository\ch\qos\logback\logback-core\1.2.3\logback-core-1.2.3.jar;D:\Maven\maven_repository\org\apache\logging\log4j\log4j-to-slf4j\2.12.1\log4j-to-slf4j-2.12.1.jar;D:\Maven\maven_repository\org\apache\logging\log4j\log4j-api\2.12.1\log4j-api-2.12.1.jar;D:\Maven\maven_repository\org\slf4j\jul-to-slf4j\1.7.30\jul-to-slf4j-1.7.30.jar;D:\Maven\maven_repository\org\springframework\boot\spring-boot-antlib\2.2.6.RELEASE\spring-boot-antlib-2.2.6.RELEASE.jar;D:\Maven\maven_repository\org\springframework\boot\spring-boot-loader-tools\2.2.5.RELEASE\spring-boot-loader-tools-2.2.5.RELEASE.jar;D:\Maven\maven_repository\org\apache\commons\commons-compress\1.19\commons-compress-1.19.jar;D:\Maven\maven_repository\tk\mybatis\mapper-base\1.1.5\mapper-base-1.1.5.jar;D:\Maven\maven_repository\tk\mybatis\mapper-extra\1.1.5\mapper-extra-1.1.5.jar;D:\Maven\maven_repository\org\springframework\boot\spring-boot-starter-amqp\2.2.5.RELEASE\spring-boot-starter-amqp-2.2.5.RELEASE.jar;D:\Maven\maven_repository\org\springframework\spring-messaging\5.2.4.RELEASE\spring-messaging-5.2.4.RELEASE.jar;D:\Maven\maven_repository\org\springframework\amqp\spring-rabbit\2.2.5.RELEASE\spring-rabbit-2.2.5.RELEASE.jar;D:\Maven\maven_repository\com\rabbitmq\amqp-client\5.7.3\amqp-client-5.7.3.jar;D:\Maven\maven_repository\org\springframework\amqp\spring-amqp\2.2.5.RELEASE\spring-amqp-2.2.5.RELEASE.jar;D:\Maven\maven_repository\org\springframework\retry\spring-retry\1.2.5.RELEASE\spring-retry-1.2.5.RELEASE.jar;D:\Maven\maven_repository\org\apache\commons\commons-lang3\3.9\commons-lang3-3.9.jar;D:\Maven\maven_repository\org\projectlombok\lombok\1.18.12\lombok-1.18.12.jar;"/>
    <property name="java.vm.vendor" value="Oracle Corporation"/>
    <property name="sun.arch.data.model" value="64"/>
    <property name="user.variant" value=""/>
    <property name="java.vendor.url" value="http://java.oracle.com/"/>
    <property name="user.timezone" value="Asia/Shanghai"/>
    <property name="java.vm.specification.version" value="1.8"/>
    <property name="os.name" value="Windows 10"/>
    <property name="user.country" value="CN"/>
    <property name="sun.java.launcher" value="SUN_STANDARD"/>
    <property name="sun.boot.library.path" value="C:\Program Files\Java\jdk1.8.0_171\jre\bin"/>
    <property name="sun.java.command" value="C:\Users\Lenovo\AppData\Local\Temp\surefire3876717602233161301\surefirebooter592808373293350058.jar C:\Users\Lenovo\AppData\Local\Temp\surefire3876717602233161301 2020-05-19T19-53-34_327-jvmRun1 surefire2698350806815721745tmp surefire_21128478943955784661tmp"/>
    <property name="surefire.test.class.path" value="C:\Users\Lenovo\Desktop\master\spring_zg2_demo\leyou\ly-search\target\test-classes;C:\Users\Lenovo\Desktop\master\spring_zg2_demo\leyou\ly-search\target\classes;D:\Maven\maven_repository\org\springframework\cloud\spring-cloud-starter-netflix-eureka-client\2.2.2.RELEASE\spring-cloud-starter-netflix-eureka-client-2.2.2.RELEASE.jar;D:\Maven\maven_repository\org\springframework\cloud\spring-cloud-starter\2.2.2.RELEASE\spring-cloud-starter-2.2.2.RELEASE.jar;D:\Maven\maven_repository\org\springframework\cloud\spring-cloud-context\2.2.2.RELEASE\spring-cloud-context-2.2.2.RELEASE.jar;D:\Maven\maven_repository\org\springframework\security\spring-security-rsa\1.0.9.RELEASE\spring-security-rsa-1.0.9.RELEASE.jar;D:\Maven\maven_repository\org\bouncycastle\bcpkix-jdk15on\1.64\bcpkix-jdk15on-1.64.jar;D:\Maven\maven_repository\org\bouncycastle\bcprov-jdk15on\1.64\bcprov-jdk15on-1.64.jar;D:\Maven\maven_repository\org\springframework\cloud\spring-cloud-netflix-hystrix\2.2.2.RELEASE\spring-cloud-netflix-hystrix-2.2.2.RELEASE.jar;D:\Maven\maven_repository\org\springframework\boot\spring-boot-autoconfigure\2.2.5.RELEASE\spring-boot-autoconfigure-2.2.5.RELEASE.jar;D:\Maven\maven_repository\org\springframework\boot\spring-boot-starter-aop\2.2.5.RELEASE\spring-boot-starter-aop-2.2.5.RELEASE.jar;D:\Maven\maven_repository\org\aspectj\aspectjweaver\1.9.5\aspectjweaver-1.9.5.jar;D:\Maven\maven_repository\org\springframework\cloud\spring-cloud-netflix-eureka-client\2.2.2.RELEASE\spring-cloud-netflix-eureka-client-2.2.2.RELEASE.jar;D:\Maven\maven_repository\com\netflix\eureka\eureka-client\1.9.17\eureka-client-1.9.17.jar;D:\Maven\maven_repository\org\codehaus\jettison\jettison\1.3.7\jettison-1.3.7.jar;D:\Maven\maven_repository\stax\stax-api\1.0.1\stax-api-1.0.1.jar;D:\Maven\maven_repository\com\netflix\netflix-commons\netflix-eventbus\0.3.0\netflix-eventbus-0.3.0.jar;D:\Maven\maven_repository\com\netflix\netflix-commons\netflix-infix\0.3.0\netflix-infix-0.3.0.jar;D:\Maven\maven_repository\commons-jxpath\commons-jxpath\1.3\commons-jxpath-1.3.jar;D:\Maven\maven_repository\org\antlr\antlr-runtime\3.4\antlr-runtime-3.4.jar;D:\Maven\maven_repository\org\antlr\stringtemplate\3.2.1\stringtemplate-3.2.1.jar;D:\Maven\maven_repository\antlr\antlr\2.7.7\antlr-2.7.7.jar;D:\Maven\maven_repository\com\google\code\gson\gson\2.8.6\gson-2.8.6.jar;D:\Maven\maven_repository\org\apache\commons\commons-math\2.2\commons-math-2.2.jar;D:\Maven\maven_repository\com\netflix\archaius\archaius-core\0.7.6\archaius-core-0.7.6.jar;D:\Maven\maven_repository\com\google\guava\guava\28.2-android\guava-28.2-android.jar;D:\Maven\maven_repository\com\google\guava\failureaccess\1.0.1\failureaccess-1.0.1.jar;D:\Maven\maven_repository\com\google\guava\listenablefuture\9999.0-empty-to-avoid-conflict-with-guava\listenablefuture-9999.0-empty-to-avoid-conflict-with-guava.jar;D:\Maven\maven_repository\org\checkerframework\checker-compat-qual\2.5.5\checker-compat-qual-2.5.5.jar;D:\Maven\maven_repository\com\google\errorprone\error_prone_annotations\2.3.4\error_prone_annotations-2.3.4.jar;D:\Maven\maven_repository\com\google\j2objc\j2objc-annotations\1.3\j2objc-annotations-1.3.jar;D:\Maven\maven_repository\javax\ws\rs\jsr311-api\1.1.1\jsr311-api-1.1.1.jar;D:\Maven\maven_repository\com\netflix\servo\servo-core\0.12.21\servo-core-0.12.21.jar;D:\Maven\maven_repository\com\sun\jersey\jersey-core\1.19.1\jersey-core-1.19.1.jar;D:\Maven\maven_repository\com\sun\jersey\jersey-client\1.19.1\jersey-client-1.19.1.jar;D:\Maven\maven_repository\com\sun\jersey\contribs\jersey-apache-client4\1.19.1\jersey-apache-client4-1.19.1.jar;D:\Maven\maven_repository\org\apache\httpcomponents\httpclient\4.5.11\httpclient-4.5.11.jar;D:\Maven\maven_repository\org\apache\httpcomponents\httpcore\4.4.13\httpcore-4.4.13.jar;D:\Maven\maven_repository\commons-codec\commons-codec\1.13\commons-codec-1.13.jar;D:\Maven\maven_repository\com\google\inject\guice\4.1.0\guice-4.1.0.jar;D:\Maven\maven_repository\javax\inject\javax.inject\1\javax.inject-1.jar;D:\Maven\maven_repository\aopalliance\aopalliance\1.0\aopalliance-1.0.jar;D:\Maven\maven_repository\com\fasterxml\jackson\core\jackson-annotations\2.10.2\jackson-annotations-2.10.2.jar;D:\Maven\maven_repository\com\fasterxml\jackson\core\jackson-core\2.10.2\jackson-core-2.10.2.jar;D:\Maven\maven_repository\com\netflix\eureka\eureka-core\1.9.17\eureka-core-1.9.17.jar;D:\Maven\maven_repository\com\fasterxml\woodstox\woodstox-core\5.2.1\woodstox-core-5.2.1.jar;D:\Maven\maven_repository\org\codehaus\woodstox\stax2-api\4.2\stax2-api-4.2.jar;D:\Maven\maven_repository\org\springframework\cloud\spring-cloud-starter-netflix-archaius\2.2.2.RELEASE\spring-cloud-starter-netflix-archaius-2.2.2.RELEASE.jar;D:\Maven\maven_repository\org\springframework\cloud\spring-cloud-netflix-ribbon\2.2.2.RELEASE\spring-cloud-netflix-ribbon-2.2.2.RELEASE.jar;D:\Maven\maven_repository\org\springframework\cloud\spring-cloud-netflix-archaius\2.2.2.RELEASE\spring-cloud-netflix-archaius-2.2.2.RELEASE.jar;D:\Maven\maven_repository\commons-configuration\commons-configuration\1.8\commons-configuration-1.8.jar;D:\Maven\maven_repository\commons-lang\commons-lang\2.6\commons-lang-2.6.jar;D:\Maven\maven_repository\org\springframework\cloud\spring-cloud-starter-netflix-ribbon\2.2.2.RELEASE\spring-cloud-starter-netflix-ribbon-2.2.2.RELEASE.jar;D:\Maven\maven_repository\com\netflix\ribbon\ribbon\2.3.0\ribbon-2.3.0.jar;D:\Maven\maven_repository\com\netflix\ribbon\ribbon-transport\2.3.0\ribbon-transport-2.3.0.jar;D:\Maven\maven_repository\io\reactivex\rxnetty-contexts\0.4.9\rxnetty-contexts-0.4.9.jar;D:\Maven\maven_repository\io\reactivex\rxnetty-servo\0.4.9\rxnetty-servo-0.4.9.jar;D:\Maven\maven_repository\io\reactivex\rxnetty\0.4.9\rxnetty-0.4.9.jar;D:\Maven\maven_repository\com\netflix\ribbon\ribbon-core\2.3.0\ribbon-core-2.3.0.jar;D:\Maven\maven_repository\com\netflix\ribbon\ribbon-httpclient\2.3.0\ribbon-httpclient-2.3.0.jar;D:\Maven\maven_repository\commons-collections\commons-collections\3.2.2\commons-collections-3.2.2.jar;D:\Maven\maven_repository\com\netflix\netflix-commons\netflix-commons-util\0.3.0\netflix-commons-util-0.3.0.jar;D:\Maven\maven_repository\com\netflix\ribbon\ribbon-loadbalancer\2.3.0\ribbon-loadbalancer-2.3.0.jar;D:\Maven\maven_repository\com\netflix\netflix-commons\netflix-statistics\0.1.1\netflix-statistics-0.1.1.jar;D:\Maven\maven_repository\io\reactivex\rxjava\1.3.8\rxjava-1.3.8.jar;D:\Maven\maven_repository\org\springframework\cloud\spring-cloud-starter-loadbalancer\2.2.2.RELEASE\spring-cloud-starter-loadbalancer-2.2.2.RELEASE.jar;D:\Maven\maven_repository\org\springframework\cloud\spring-cloud-loadbalancer\2.2.2.RELEASE\spring-cloud-loadbalancer-2.2.2.RELEASE.jar;D:\Maven\maven_repository\io\projectreactor\reactor-core\3.3.3.RELEASE\reactor-core-3.3.3.RELEASE.jar;D:\Maven\maven_repository\org\reactivestreams\reactive-streams\1.0.3\reactive-streams-1.0.3.jar;D:\Maven\maven_repository\io\projectreactor\addons\reactor-extra\3.3.2.RELEASE\reactor-extra-3.3.2.RELEASE.jar;D:\Maven\maven_repository\org\springframework\boot\spring-boot-starter-cache\2.2.5.RELEASE\spring-boot-starter-cache-2.2.5.RELEASE.jar;D:\Maven\maven_repository\org\springframework\spring-context-support\5.2.4.RELEASE\spring-context-support-5.2.4.RELEASE.jar;D:\Maven\maven_repository\com\stoyanr\evictor\1.0.0\evictor-1.0.0.jar;D:\Maven\maven_repository\com\netflix\ribbon\ribbon-eureka\2.3.0\ribbon-eureka-2.3.0.jar;D:\Maven\maven_repository\org\slf4j\slf4j-api\1.7.30\slf4j-api-1.7.30.jar;D:\Maven\maven_repository\com\thoughtworks\xstream\xstream\1.4.11.1\xstream-1.4.11.1.jar;D:\Maven\maven_repository\xmlpull\xmlpull\1.1.3.1\xmlpull-1.1.3.1.jar;D:\Maven\maven_repository\xpp3\xpp3_min\1.1.4c\xpp3_min-1.1.4c.jar;D:\Maven\maven_repository\org\springframework\boot\spring-boot-starter-web\2.2.5.RELEASE\spring-boot-starter-web-2.2.5.RELEASE.jar;D:\Maven\maven_repository\org\springframework\boot\spring-boot-starter\2.2.5.RELEASE\spring-boot-starter-2.2.5.RELEASE.jar;D:\Maven\maven_repository\org\springframework\boot\spring-boot\2.2.5.RELEASE\spring-boot-2.2.5.RELEASE.jar;D:\Maven\maven_repository\jakarta\annotation\jakarta.annotation-api\1.3.5\jakarta.annotation-api-1.3.5.jar;D:\Maven\maven_repository\org\yaml\snakeyaml\1.25\snakeyaml-1.25.jar;D:\Maven\maven_repository\org\springframework\boot\spring-boot-starter-json\2.2.5.RELEASE\spring-boot-starter-json-2.2.5.RELEASE.jar;D:\Maven\maven_repository\com\fasterxml\jackson\datatype\jackson-datatype-jdk8\2.10.2\jackson-datatype-jdk8-2.10.2.jar;D:\Maven\maven_repository\com\fasterxml\jackson\datatype\jackson-datatype-jsr310\2.10.2\jackson-datatype-jsr310-2.10.2.jar;D:\Maven\maven_repository\com\fasterxml\jackson\module\jackson-module-parameter-names\2.10.2\jackson-module-parameter-names-2.10.2.jar;D:\Maven\maven_repository\org\springframework\boot\spring-boot-starter-tomcat\2.2.5.RELEASE\spring-boot-starter-tomcat-2.2.5.RELEASE.jar;D:\Maven\maven_repository\org\apache\tomcat\embed\tomcat-embed-el\9.0.31\tomcat-embed-el-9.0.31.jar;D:\Maven\maven_repository\org\apache\tomcat\embed\tomcat-embed-websocket\9.0.31\tomcat-embed-websocket-9.0.31.jar;D:\Maven\maven_repository\org\springframework\boot\spring-boot-starter-validation\2.2.5.RELEASE\spring-boot-starter-validation-2.2.5.RELEASE.jar;D:\Maven\maven_repository\jakarta\validation\jakarta.validation-api\2.0.2\jakarta.validation-api-2.0.2.jar;D:\Maven\maven_repository\org\hibernate\validator\hibernate-validator\6.0.18.Final\hibernate-validator-6.0.18.Final.jar;D:\Maven\maven_repository\org\jboss\logging\jboss-logging\3.4.1.Final\jboss-logging-3.4.1.Final.jar;D:\Maven\maven_repository\com\fasterxml\classmate\1.5.1\classmate-1.5.1.jar;D:\Maven\maven_repository\org\springframework\spring-web\5.2.4.RELEASE\spring-web-5.2.4.RELEASE.jar;D:\Maven\maven_repository\org\springframework\spring-beans\5.2.4.RELEASE\spring-beans-5.2.4.RELEASE.jar;D:\Maven\maven_repository\org\springframework\spring-webmvc\5.2.4.RELEASE\spring-webmvc-5.2.4.RELEASE.jar;D:\Maven\maven_repository\org\springframework\spring-aop\5.2.4.RELEASE\spring-aop-5.2.4.RELEASE.jar;D:\Maven\maven_repository\org\springframework\spring-context\5.2.4.RELEASE\spring-context-5.2.4.RELEASE.jar;D:\Maven\maven_repository\org\springframework\spring-expression\5.2.4.RELEASE\spring-expression-5.2.4.RELEASE.jar;D:\Maven\maven_repository\org\springframework\boot\spring-boot-starter-data-elasticsearch\2.2.5.RELEASE\spring-boot-starter-data-elasticsearch-2.2.5.RELEASE.jar;D:\Maven\maven_repository\org\springframework\data\spring-data-elasticsearch\3.2.5.RELEASE\spring-data-elasticsearch-3.2.5.RELEASE.jar;D:\Maven\maven_repository\org\springframework\spring-tx\5.2.4.RELEASE\spring-tx-5.2.4.RELEASE.jar;D:\Maven\maven_repository\org\springframework\data\spring-data-commons\2.2.5.RELEASE\spring-data-commons-2.2.5.RELEASE.jar;D:\Maven\maven_repository\joda-time\joda-time\2.10.5\joda-time-2.10.5.jar;D:\Maven\maven_repository\org\elasticsearch\client\transport\6.8.6\transport-6.8.6.jar;D:\Maven\maven_repository\org\elasticsearch\elasticsearch\6.8.6\elasticsearch-6.8.6.jar;D:\Maven\maven_repository\org\elasticsearch\elasticsearch-core\6.8.6\elasticsearch-core-6.8.6.jar;D:\Maven\maven_repository\org\elasticsearch\elasticsearch-secure-sm\6.8.6\elasticsearch-secure-sm-6.8.6.jar;D:\Maven\maven_repository\org\elasticsearch\elasticsearch-x-content\6.8.6\elasticsearch-x-content-6.8.6.jar;D:\Maven\maven_repository\com\fasterxml\jackson\dataformat\jackson-dataformat-smile\2.10.2\jackson-dataformat-smile-2.10.2.jar;D:\Maven\maven_repository\com\fasterxml\jackson\dataformat\jackson-dataformat-yaml\2.10.2\jackson-dataformat-yaml-2.10.2.jar;D:\Maven\maven_repository\com\fasterxml\jackson\dataformat\jackson-dataformat-cbor\2.10.2\jackson-dataformat-cbor-2.10.2.jar;D:\Maven\maven_repository\org\apache\lucene\lucene-core\7.7.2\lucene-core-7.7.2.jar;D:\Maven\maven_repository\org\apache\lucene\lucene-analyzers-common\7.7.2\lucene-analyzers-common-7.7.2.jar;D:\Maven\maven_repository\org\apache\lucene\lucene-backward-codecs\7.7.2\lucene-backward-codecs-7.7.2.jar;D:\Maven\maven_repository\org\apache\lucene\lucene-grouping\7.7.2\lucene-grouping-7.7.2.jar;D:\Maven\maven_repository\org\apache\lucene\lucene-highlighter\7.7.2\lucene-highlighter-7.7.2.jar;D:\Maven\maven_repository\org\apache\lucene\lucene-join\7.7.2\lucene-join-7.7.2.jar;D:\Maven\maven_repository\org\apache\lucene\lucene-memory\7.7.2\lucene-memory-7.7.2.jar;D:\Maven\maven_repository\org\apache\lucene\lucene-misc\7.7.2\lucene-misc-7.7.2.jar;D:\Maven\maven_repository\org\apache\lucene\lucene-queries\7.7.2\lucene-queries-7.7.2.jar;D:\Maven\maven_repository\org\apache\lucene\lucene-queryparser\7.7.2\lucene-queryparser-7.7.2.jar;D:\Maven\maven_repository\org\apache\lucene\lucene-sandbox\7.7.2\lucene-sandbox-7.7.2.jar;D:\Maven\maven_repository\org\apache\lucene\lucene-spatial\7.7.2\lucene-spatial-7.7.2.jar;D:\Maven\maven_repository\org\apache\lucene\lucene-spatial-extras\7.7.2\lucene-spatial-extras-7.7.2.jar;D:\Maven\maven_repository\org\apache\lucene\lucene-spatial3d\7.7.2\lucene-spatial3d-7.7.2.jar;D:\Maven\maven_repository\org\apache\lucene\lucene-suggest\7.7.2\lucene-suggest-7.7.2.jar;D:\Maven\maven_repository\org\elasticsearch\elasticsearch-cli\6.8.6\elasticsearch-cli-6.8.6.jar;D:\Maven\maven_repository\net\sf\jopt-simple\jopt-simple\5.0.2\jopt-simple-5.0.2.jar;D:\Maven\maven_repository\com\carrotsearch\hppc\0.7.1\hppc-0.7.1.jar;D:\Maven\maven_repository\com\tdunning\t-digest\3.2\t-digest-3.2.jar;D:\Maven\maven_repository\org\elasticsearch\jna\4.5.1\jna-4.5.1.jar;D:\Maven\maven_repository\org\elasticsearch\plugin\reindex-client\6.8.6\reindex-client-6.8.6.jar;D:\Maven\maven_repository\org\elasticsearch\elasticsearch-ssl-config\6.8.6\elasticsearch-ssl-config-6.8.6.jar;D:\Maven\maven_repository\org\elasticsearch\plugin\lang-mustache-client\6.8.6\lang-mustache-client-6.8.6.jar;D:\Maven\maven_repository\com\github\spullara\mustache\java\compiler\0.9.3\compiler-0.9.3.jar;D:\Maven\maven_repository\org\elasticsearch\plugin\percolator-client\6.8.6\percolator-client-6.8.6.jar;D:\Maven\maven_repository\org\elasticsearch\plugin\parent-join-client\6.8.6\parent-join-client-6.8.6.jar;D:\Maven\maven_repository\org\elasticsearch\plugin\rank-eval-client\6.8.6\rank-eval-client-6.8.6.jar;D:\Maven\maven_repository\org\elasticsearch\plugin\transport-netty4-client\6.8.6\transport-netty4-client-6.8.6.jar;D:\Maven\maven_repository\io\netty\netty-buffer\4.1.45.Final\netty-buffer-4.1.45.Final.jar;D:\Maven\maven_repository\io\netty\netty-codec\4.1.45.Final\netty-codec-4.1.45.Final.jar;D:\Maven\maven_repository\io\netty\netty-codec-http\4.1.45.Final\netty-codec-http-4.1.45.Final.jar;D:\Maven\maven_repository\io\netty\netty-common\4.1.45.Final\netty-common-4.1.45.Final.jar;D:\Maven\maven_repository\io\netty\netty-handler\4.1.45.Final\netty-handler-4.1.45.Final.jar;D:\Maven\maven_repository\io\netty\netty-resolver\4.1.45.Final\netty-resolver-4.1.45.Final.jar;D:\Maven\maven_repository\io\netty\netty-transport\4.1.45.Final\netty-transport-4.1.45.Final.jar;D:\Maven\maven_repository\org\elasticsearch\client\elasticsearch-rest-high-level-client\6.8.6\elasticsearch-rest-high-level-client-6.8.6.jar;D:\Maven\maven_repository\org\elasticsearch\client\elasticsearch-rest-client\6.8.6\elasticsearch-rest-client-6.8.6.jar;D:\Maven\maven_repository\org\apache\httpcomponents\httpasyncclient\4.1.4\httpasyncclient-4.1.4.jar;D:\Maven\maven_repository\org\apache\httpcomponents\httpcore-nio\4.4.13\httpcore-nio-4.4.13.jar;D:\Maven\maven_repository\org\elasticsearch\plugin\aggs-matrix-stats-client\6.8.6\aggs-matrix-stats-client-6.8.6.jar;D:\Maven\maven_repository\org\springframework\cloud\spring-cloud-starter-openfeign\2.2.2.RELEASE\spring-cloud-starter-openfeign-2.2.2.RELEASE.jar;D:\Maven\maven_repository\org\springframework\cloud\spring-cloud-openfeign-core\2.2.2.RELEASE\spring-cloud-openfeign-core-2.2.2.RELEASE.jar;D:\Maven\maven_repository\io\github\openfeign\form\feign-form-spring\3.8.0\feign-form-spring-3.8.0.jar;D:\Maven\maven_repository\io\github\openfeign\form\feign-form\3.8.0\feign-form-3.8.0.jar;D:\Maven\maven_repository\commons-fileupload\commons-fileupload\1.4\commons-fileupload-1.4.jar;D:\Maven\maven_repository\commons-io\commons-io\2.2\commons-io-2.2.jar;D:\Maven\maven_repository\org\springframework\cloud\spring-cloud-commons\2.2.2.RELEASE\spring-cloud-commons-2.2.2.RELEASE.jar;D:\Maven\maven_repository\org\springframework\security\spring-security-crypto\5.2.2.RELEASE\spring-security-crypto-5.2.2.RELEASE.jar;D:\Maven\maven_repository\io\github\openfeign\feign-core\10.7.4\feign-core-10.7.4.jar;D:\Maven\maven_repository\io\github\openfeign\feign-slf4j\10.7.4\feign-slf4j-10.7.4.jar;D:\Maven\maven_repository\io\github\openfeign\feign-hystrix\10.7.4\feign-hystrix-10.7.4.jar;D:\Maven\maven_repository\com\netflix\hystrix\hystrix-core\1.5.18\hystrix-core-1.5.18.jar;D:\Maven\maven_repository\org\hdrhistogram\HdrHistogram\2.1.9\HdrHistogram-2.1.9.jar;D:\Maven\maven_repository\org\springframework\boot\spring-boot-starter-test\2.2.5.RELEASE\spring-boot-starter-test-2.2.5.RELEASE.jar;D:\Maven\maven_repository\org\springframework\boot\spring-boot-test\2.2.5.RELEASE\spring-boot-test-2.2.5.RELEASE.jar;D:\Maven\maven_repository\org\springframework\boot\spring-boot-test-autoconfigure\2.2.5.RELEASE\spring-boot-test-autoconfigure-2.2.5.RELEASE.jar;D:\Maven\maven_repository\com\jayway\jsonpath\json-path\2.4.0\json-path-2.4.0.jar;D:\Maven\maven_repository\net\minidev\json-smart\2.3\json-smart-2.3.jar;D:\Maven\maven_repository\net\minidev\accessors-smart\1.2\accessors-smart-1.2.jar;D:\Maven\maven_repository\org\ow2\asm\asm\5.0.4\asm-5.0.4.jar;D:\Maven\maven_repository\jakarta\xml\bind\jakarta.xml.bind-api\2.3.2\jakarta.xml.bind-api-2.3.2.jar;D:\Maven\maven_repository\jakarta\activation\jakarta.activation-api\1.2.2\jakarta.activation-api-1.2.2.jar;D:\Maven\maven_repository\org\junit\jupiter\junit-jupiter\5.5.2\junit-jupiter-5.5.2.jar;D:\Maven\maven_repository\org\junit\jupiter\junit-jupiter-api\5.5.2\junit-jupiter-api-5.5.2.jar;D:\Maven\maven_repository\org\opentest4j\opentest4j\1.2.0\opentest4j-1.2.0.jar;D:\Maven\maven_repository\org\junit\platform\junit-platform-commons\1.5.2\junit-platform-commons-1.5.2.jar;D:\Maven\maven_repository\org\junit\jupiter\junit-jupiter-params\5.5.2\junit-jupiter-params-5.5.2.jar;D:\Maven\maven_repository\org\junit\jupiter\junit-jupiter-engine\5.5.2\junit-jupiter-engine-5.5.2.jar;D:\Maven\maven_repository\org\junit\vintage\junit-vintage-engine\5.5.2\junit-vintage-engine-5.5.2.jar;D:\Maven\maven_repository\org\apiguardian\apiguardian-api\1.1.0\apiguardian-api-1.1.0.jar;D:\Maven\maven_repository\org\junit\platform\junit-platform-engine\1.5.2\junit-platform-engine-1.5.2.jar;D:\Maven\maven_repository\junit\junit\4.12\junit-4.12.jar;D:\Maven\maven_repository\org\mockito\mockito-junit-jupiter\3.1.0\mockito-junit-jupiter-3.1.0.jar;D:\Maven\maven_repository\org\assertj\assertj-core\3.13.2\assertj-core-3.13.2.jar;D:\Maven\maven_repository\org\hamcrest\hamcrest\2.1\hamcrest-2.1.jar;D:\Maven\maven_repository\org\mockito\mockito-core\3.1.0\mockito-core-3.1.0.jar;D:\Maven\maven_repository\net\bytebuddy\byte-buddy\1.10.8\byte-buddy-1.10.8.jar;D:\Maven\maven_repository\net\bytebuddy\byte-buddy-agent\1.10.8\byte-buddy-agent-1.10.8.jar;D:\Maven\maven_repository\org\objenesis\objenesis\2.6\objenesis-2.6.jar;D:\Maven\maven_repository\org\skyscreamer\jsonassert\1.5.0\jsonassert-1.5.0.jar;D:\Maven\maven_repository\com\vaadin\external\google\android-json\0.0.20131108.vaadin1\android-json-0.0.20131108.vaadin1.jar;D:\Maven\maven_repository\org\springframework\spring-core\5.2.4.RELEASE\spring-core-5.2.4.RELEASE.jar;D:\Maven\maven_repository\org\springframework\spring-jcl\5.2.4.RELEASE\spring-jcl-5.2.4.RELEASE.jar;D:\Maven\maven_repository\org\springframework\spring-test\5.2.4.RELEASE\spring-test-5.2.4.RELEASE.jar;D:\Maven\maven_repository\org\xmlunit\xmlunit-core\2.6.3\xmlunit-core-2.6.3.jar;C:\Users\Lenovo\Desktop\master\spring_zg2_demo\leyou\ly-item\ly-item-interface\target\ly-item-interface-1.0-SNAPSHOT.jar;D:\Maven\maven_repository\tk\mybatis\mapper-core\1.1.5\mapper-core-1.1.5.jar;D:\Maven\maven_repository\javax\persistence\persistence-api\1.0\persistence-api-1.0.jar;D:\Maven\maven_repository\com\fasterxml\jackson\core\jackson-databind\2.10.2\jackson-databind-2.10.2.jar;C:\Users\Lenovo\Desktop\master\spring_zg2_demo\leyou\ly-common\target\ly-common-1.0-SNAPSHOT.jar;D:\Maven\maven_repository\org\apache\tomcat\embed\tomcat-embed-core\9.0.31\tomcat-embed-core-9.0.31.jar;D:\Maven\maven_repository\org\apache\tomcat\tomcat-annotations-api\9.0.31\tomcat-annotations-api-9.0.31.jar;D:\Maven\maven_repository\org\springframework\boot\spring-boot-starter-logging\2.2.5.RELEASE\spring-boot-starter-logging-2.2.5.RELEASE.jar;D:\Maven\maven_repository\ch\qos\logback\logback-classic\1.2.3\logback-classic-1.2.3.jar;D:\Maven\maven_repository\ch\qos\logback\logback-core\1.2.3\logback-core-1.2.3.jar;D:\Maven\maven_repository\org\apache\logging\log4j\log4j-to-slf4j\2.12.1\log4j-to-slf4j-2.12.1.jar;D:\Maven\maven_repository\org\apache\logging\log4j\log4j-api\2.12.1\log4j-api-2.12.1.jar;D:\Maven\maven_repository\org\slf4j\jul-to-slf4j\1.7.30\jul-to-slf4j-1.7.30.jar;D:\Maven\maven_repository\org\springframework\boot\spring-boot-antlib\2.2.6.RELEASE\spring-boot-antlib-2.2.6.RELEASE.jar;D:\Maven\maven_repository\org\springframework\boot\spring-boot-loader-tools\2.2.5.RELEASE\spring-boot-loader-tools-2.2.5.RELEASE.jar;D:\Maven\maven_repository\org\apache\commons\commons-compress\1.19\commons-compress-1.19.jar;D:\Maven\maven_repository\tk\mybatis\mapper-base\1.1.5\mapper-base-1.1.5.jar;D:\Maven\maven_repository\tk\mybatis\mapper-extra\1.1.5\mapper-extra-1.1.5.jar;D:\Maven\maven_repository\org\springframework\boot\spring-boot-starter-amqp\2.2.5.RELEASE\spring-boot-starter-amqp-2.2.5.RELEASE.jar;D:\Maven\maven_repository\org\springframework\spring-messaging\5.2.4.RELEASE\spring-messaging-5.2.4.RELEASE.jar;D:\Maven\maven_repository\org\springframework\amqp\spring-rabbit\2.2.5.RELEASE\spring-rabbit-2.2.5.RELEASE.jar;D:\Maven\maven_repository\com\rabbitmq\amqp-client\5.7.3\amqp-client-5.7.3.jar;D:\Maven\maven_repository\org\springframework\amqp\spring-amqp\2.2.5.RELEASE\spring-amqp-2.2.5.RELEASE.jar;D:\Maven\maven_repository\org\springframework\retry\spring-retry\1.2.5.RELEASE\spring-retry-1.2.5.RELEASE.jar;D:\Maven\maven_repository\org\apache\commons\commons-lang3\3.9\commons-lang3-3.9.jar;D:\Maven\maven_repository\org\projectlombok\lombok\1.18.12\lombok-1.18.12.jar;"/>
    <property name="sun.cpu.endian" value="little"/>
    <property name="user.home" value="C:\Users\Lenovo"/>
    <property name="user.language" value="zh"/>
    <property name="java.specification.vendor" value="Oracle Corporation"/>
    <property name="java.home" value="C:\Program Files\Java\jdk1.8.0_171\jre"/>
    <property name="basedir" value="C:\Users\Lenovo\Desktop\master\spring_zg2_demo\leyou\ly-search"/>
    <property name="file.separator" value="\"/>
    <property name="line.separator" value="&#10;"/>
    <property name="idea.version2019.2.4" value="true"/>
    <property name="java.vm.specification.vendor" value="Oracle Corporation"/>
    <property name="java.specification.name" value="Java Platform API Specification"/>
    <property name="java.awt.graphicsenv" value="sun.awt.Win32GraphicsEnvironment"/>
    <property name="surefire.real.class.path" value="C:\Users\Lenovo\AppData\Local\Temp\surefire3876717602233161301\surefirebooter592808373293350058.jar"/>
    <property name="sun.boot.class.path" value="C:\Program Files\Java\jdk1.8.0_171\jre\lib\resources.jar;C:\Program Files\Java\jdk1.8.0_171\jre\lib\rt.jar;C:\Program Files\Java\jdk1.8.0_171\jre\lib\sunrsasign.jar;C:\Program Files\Java\jdk1.8.0_171\jre\lib\jsse.jar;C:\Program Files\Java\jdk1.8.0_171\jre\lib\jce.jar;C:\Program Files\Java\jdk1.8.0_171\jre\lib\charsets.jar;C:\Program Files\Java\jdk1.8.0_171\jre\lib\jfr.jar;C:\Program Files\Java\jdk1.8.0_171\jre\classes"/>
    <property name="user.script" value=""/>
    <property name="sun.management.compiler" value="HotSpot 64-Bit Tiered Compilers"/>
    <property name="java.runtime.version" value="1.8.0_171-b11"/>
    <property name="user.name" value="Lenovo"/>
    <property name="path.separator" value=";"/>
    <property name="os.version" value="10.0"/>
    <property name="java.endorsed.dirs" value="C:\Program Files\Java\jdk1.8.0_171\jre\lib\endorsed"/>
    <property name="java.runtime.name" value="Java(TM) SE Runtime Environment"/>
    <property name="file.encoding" value="GBK"/>
    <property name="java.vm.name" value="Java HotSpot(TM) 64-Bit Server VM"/>
    <property name="localRepository" value="D:\Maven\maven_repository"/>
    <property name="java.vendor.url.bug" value="http://bugreport.sun.com/bugreport/"/>
    <property name="java.io.tmpdir" value="C:\Users\Lenovo\AppData\Local\Temp\"/>
    <property name="java.version" value="1.8.0_171"/>
    <property name="user.dir" value="C:\Users\Lenovo\Desktop\master\spring_zg2_demo\leyou\ly-search"/>
    <property name="os.arch" value="amd64"/>
    <property name="java.vm.specification.name" value="Java Virtual Machine Specification"/>
    <property name="java.awt.printerjob" value="sun.awt.windows.WPrinterJob"/>
    <property name="sun.os.patch.level" value=""/>
    <property name="java.library.path" value="C:\Program Files\Java\jdk1.8.0_171\jre\bin;C:\WINDOWS\Sun\Java\bin;C:\WINDOWS\system32;C:\WINDOWS;C:\Program Files (x86)\NetSarang\Xshell 6\;C:\Program Files\Java\jdk1.8.0_171\bin;F:\app\Lenovo\product\11.2.0\dbhome_1\bin;C:\Windows\system32;C:\Windows;C:\Windows\System32\Wbem;C:\Windows\System32\WindowsPowerShell\v1.0\;C:\Program Files (x86)\NVIDIA Corporation\PhysX\Common;C:\WINDOWS\system32;C:\WINDOWS;C:\WINDOWS\System32\Wbem;C:\WINDOWS\System32\WindowsPowerShell\v1.0\;C:\WINDOWS\System32\OpenSSH\;C:\Program Files\Java\jdk1.8.0_171\jre\bin;D:\mysql-8.0.12-winx64\bin;C:\Users\Lenovo\AppData\Local\Programs\Python\Python36-32;C:\Program Files\Microsoft SQL Server\Client SDK\ODBC\130\Tools\Binn\;C:\Program Files (x86)\Microsoft SQL Server\140\Tools\Binn\;C:\Program Files\Microsoft SQL Server\140\Tools\Binn\;C:\Program Files\Microsoft SQL Server\140\DTS\Binn\;C:\Program Files (x86)\Microsoft SQL Server\Client SDK\ODBC\130\Tools\Binn\;C:\Program Files (x86)\Microsoft SQL Server\140\DTS\Binn\;C:\Program Files (x86)\Microsoft SQL Server\140\Tools\Binn\ManagementStudio\;C:\Program Files\LLVM\bin;C:\Users\Lenovo\AppData\Local\Programs\Python\Python36-32\Scripts;D:\Maven\apache-maven-3.6.0\bin;D:\Git\cmd;C:\Program Files (x86)\Rational\common;D:\erl10.6\bin;D:\RabbitMQ Server\rabbitmq_server-3.8.3\sbin;D:\NodeJS\;C:\strawberry\c\bin;C:\strawberry\perl\bin;D:\loadrunner\strawberry-perl\perl\bin;C:\Users\Lenovo\AppData\Local\Microsoft\WindowsApps;C:\Users\Lenovo\AppData\Local\Programs\Microsoft VS Code\bin;C:\MinGW\bin;C:\Users\Lenovo\AppData\Roaming\Python\Python36\Scripts;C:\Users\Lenovo\AppData\Roaming\Python\Python36\site-packages;C:\Users\Lenovo\AppData\Roaming\npm;."/>
    <property name="java.vm.info" value="mixed mode"/>
    <property name="java.vendor" value="Oracle Corporation"/>
    <property name="java.vm.version" value="25.171-b11"/>
    <property name="java.ext.dirs" value="C:\Program Files\Java\jdk1.8.0_171\jre\lib\ext;C:\WINDOWS\Sun\Java\lib\ext"/>
    <property name="sun.io.unicode.encoding" value="UnicodeLittle"/>
    <property name="maven.repo.local" value="D:\Maven\maven_repository"/>
    <property name="java.class.version" value="52.0"/>
  </properties>
  <testcase name="queryCategoryByIds" classname="com.leyou.search.client.CategoryClientTest" time="7.331"/>
</testsuite>