<?xml version="1.0" encoding="UTF-8"?>
<testsuite xmlns:xsi="http://www.w3.org/2001/XMLSchema-instance" xsi:noNamespaceSchemaLocation="https://maven.apache.org/surefire/maven-surefire-plugin/xsd/surefire-test-report.xsd" name="com.leyou.test.SmsTest" time="27.977" tests="1" errors="0" skipped="0" failures="0">
  <properties>
    <property name="sun.desktop" value="windows"/>
    <property name="awt.toolkit" value="sun.awt.windows.WToolkit"/>
    <property name="file.encoding.pkg" value="sun.io"/>
    <property name="java.specification.version" value="1.8"/>
    <property name="sun.cpu.isalist" value="amd64"/>
    <property name="sun.jnu.encoding" value="GBK"/>
    <property name="java.class.path" value="C:\Users\Lenovo\Desktop\master\spring_zg2_demo\leyou\ly-sms\target\test-classes;C:\Users\Lenovo\Desktop\master\spring_zg2_demo\leyou\ly-sms\target\classes;D:\Maven\maven_repository\com\aliyun\aliyun-java-sdk-core\4.5.1\aliyun-java-sdk-core-4.5.1.jar;D:\Maven\maven_repository\com\google\code\gson\gson\2.8.6\gson-2.8.6.jar;D:\Maven\maven_repository\org\apache\httpcomponents\httpclient\4.5.11\httpclient-4.5.11.jar;D:\Maven\maven_repository\commons-codec\commons-codec\1.13\commons-codec-1.13.jar;D:\Maven\maven_repository\org\apache\httpcomponents\httpcore\4.4.13\httpcore-4.4.13.jar;D:\Maven\maven_repository\commons-logging\commons-logging\1.2\commons-logging-1.2.jar;D:\Maven\maven_repository\javax\xml\bind\jaxb-api\2.3.1\jaxb-api-2.3.1.jar;D:\Maven\maven_repository\javax\activation\javax.activation-api\1.2.0\javax.activation-api-1.2.0.jar;D:\Maven\maven_repository\org\jacoco\org.jacoco.agent\0.8.5\org.jacoco.agent-0.8.5-runtime.jar;D:\Maven\maven_repository\org\ini4j\ini4j\0.5.4\ini4j-0.5.4.jar;D:\Maven\maven_repository\org\slf4j\slf4j-api\1.7.30\slf4j-api-1.7.30.jar;D:\Maven\maven_repository\io\opentracing\opentracing-api\0.33.0\opentracing-api-0.33.0.jar;D:\Maven\maven_repository\io\opentracing\opentracing-util\0.33.0\opentracing-util-0.33.0.jar;D:\Maven\maven_repository\io\opentracing\opentracing-noop\0.33.0\opentracing-noop-0.33.0.jar;D:\Maven\maven_repository\com\aliyun\aliyun-java-sdk-dysmsapi\1.0.0\aliyun-java-sdk-dysmsapi-1.0.0.jar;D:\Maven\maven_repository\org\springframework\boot\spring-boot-starter-amqp\2.2.5.RELEASE\spring-boot-starter-amqp-2.2.5.RELEASE.jar;D:\Maven\maven_repository\org\springframework\boot\spring-boot-starter\2.2.5.RELEASE\spring-boot-starter-2.2.5.RELEASE.jar;D:\Maven\maven_repository\org\springframework\boot\spring-boot\2.2.5.RELEASE\spring-boot-2.2.5.RELEASE.jar;D:\Maven\maven_repository\org\springframework\boot\spring-boot-autoconfigure\2.2.5.RELEASE\spring-boot-autoconfigure-2.2.5.RELEASE.jar;D:\Maven\maven_repository\jakarta\annotation\jakarta.annotation-api\1.3.5\jakarta.annotation-api-1.3.5.jar;D:\Maven\maven_repository\org\yaml\snakeyaml\1.25\snakeyaml-1.25.jar;D:\Maven\maven_repository\org\springframework\spring-messaging\5.2.4.RELEASE\spring-messaging-5.2.4.RELEASE.jar;D:\Maven\maven_repository\org\springframework\spring-beans\5.2.4.RELEASE\spring-beans-5.2.4.RELEASE.jar;D:\Maven\maven_repository\org\springframework\amqp\spring-rabbit\2.2.5.RELEASE\spring-rabbit-2.2.5.RELEASE.jar;D:\Maven\maven_repository\com\rabbitmq\amqp-client\5.7.3\amqp-client-5.7.3.jar;D:\Maven\maven_repository\org\springframework\amqp\spring-amqp\2.2.5.RELEASE\spring-amqp-2.2.5.RELEASE.jar;D:\Maven\maven_repository\org\springframework\retry\spring-retry\1.2.5.RELEASE\spring-retry-1.2.5.RELEASE.jar;D:\Maven\maven_repository\org\springframework\spring-context\5.2.4.RELEASE\spring-context-5.2.4.RELEASE.jar;D:\Maven\maven_repository\org\springframework\spring-tx\5.2.4.RELEASE\spring-tx-5.2.4.RELEASE.jar;C:\Users\Lenovo\Desktop\master\spring_zg2_demo\leyou\ly-common\target\ly-common-1.0-SNAPSHOT.jar;D:\Maven\maven_repository\org\apache\tomcat\embed\tomcat-embed-core\9.0.31\tomcat-embed-core-9.0.31.jar;D:\Maven\maven_repository\org\apache\tomcat\tomcat-annotations-api\9.0.31\tomcat-annotations-api-9.0.31.jar;D:\Maven\maven_repository\com\fasterxml\jackson\core\jackson-databind\2.10.2\jackson-databind-2.10.2.jar;D:\Maven\maven_repository\com\fasterxml\jackson\core\jackson-annotations\2.10.2\jackson-annotations-2.10.2.jar;D:\Maven\maven_repository\com\fasterxml\jackson\core\jackson-core\2.10.2\jackson-core-2.10.2.jar;D:\Maven\maven_repository\org\springframework\boot\spring-boot-starter-logging\2.2.5.RELEASE\spring-boot-starter-logging-2.2.5.RELEASE.jar;D:\Maven\maven_repository\ch\qos\logback\logback-classic\1.2.3\logback-classic-1.2.3.jar;D:\Maven\maven_repository\ch\qos\logback\logback-core\1.2.3\logback-core-1.2.3.jar;D:\Maven\maven_repository\org\apache\logging\log4j\log4j-to-slf4j\2.12.1\log4j-to-slf4j-2.12.1.jar;D:\Maven\maven_repository\org\apache\logging\log4j\log4j-api\2.12.1\log4j-api-2.12.1.jar;D:\Maven\maven_repository\org\slf4j\jul-to-slf4j\1.7.30\jul-to-slf4j-1.7.30.jar;D:\Maven\maven_repository\org\springframework\boot\spring-boot-antlib\2.2.6.RELEASE\spring-boot-antlib-2.2.6.RELEASE.jar;D:\Maven\maven_repository\org\springframework\boot\spring-boot-loader-tools\2.2.5.RELEASE\spring-boot-loader-tools-2.2.5.RELEASE.jar;D:\Maven\maven_repository\org\apache\commons\commons-compress\1.19\commons-compress-1.19.jar;D:\Maven\maven_repository\org\springframework\spring-webmvc\5.2.4.RELEASE\spring-webmvc-5.2.4.RELEASE.jar;D:\Maven\maven_repository\org\springframework\spring-aop\5.2.4.RELEASE\spring-aop-5.2.4.RELEASE.jar;D:\Maven\maven_repository\org\springframework\spring-expression\5.2.4.RELEASE\spring-expression-5.2.4.RELEASE.jar;D:\Maven\maven_repository\org\springframework\spring-web\5.2.4.RELEASE\spring-web-5.2.4.RELEASE.jar;D:\Maven\maven_repository\tk\mybatis\mapper-base\1.1.5\mapper-base-1.1.5.jar;D:\Maven\maven_repository\javax\persistence\persistence-api\1.0\persistence-api-1.0.jar;D:\Maven\maven_repository\tk\mybatis\mapper-core\1.1.5\mapper-core-1.1.5.jar;D:\Maven\maven_repository\tk\mybatis\mapper-extra\1.1.5\mapper-extra-1.1.5.jar;D:\Maven\maven_repository\org\springframework\boot\spring-boot-starter-test\2.2.5.RELEASE\spring-boot-starter-test-2.2.5.RELEASE.jar;D:\Maven\maven_repository\org\springframework\boot\spring-boot-test\2.2.5.RELEASE\spring-boot-test-2.2.5.RELEASE.jar;D:\Maven\maven_repository\org\springframework\boot\spring-boot-test-autoconfigure\2.2.5.RELEASE\spring-boot-test-autoconfigure-2.2.5.RELEASE.jar;D:\Maven\maven_repository\com\jayway\jsonpath\json-path\2.4.0\json-path-2.4.0.jar;D:\Maven\maven_repository\net\minidev\json-smart\2.3\json-smart-2.3.jar;D:\Maven\maven_repository\net\minidev\accessors-smart\1.2\accessors-smart-1.2.jar;D:\Maven\maven_repository\org\ow2\asm\asm\5.0.4\asm-5.0.4.jar;D:\Maven\maven_repository\jakarta\xml\bind\jakarta.xml.bind-api\2.3.2\jakarta.xml.bind-api-2.3.2.jar;D:\Maven\maven_repository\jakarta\activation\jakarta.activation-api\1.2.2\jakarta.activation-api-1.2.2.jar;D:\Maven\maven_repository\org\junit\jupiter\junit-jupiter\5.5.2\junit-jupiter-5.5.2.jar;D:\Maven\maven_repository\org\junit\jupiter\junit-jupiter-api\5.5.2\junit-jupiter-api-5.5.2.jar;D:\Maven\maven_repository\org\opentest4j\opentest4j\1.2.0\opentest4j-1.2.0.jar;D:\Maven\maven_repository\org\junit\platform\junit-platform-commons\1.5.2\junit-platform-commons-1.5.2.jar;D:\Maven\maven_repository\org\junit\jupiter\junit-jupiter-params\5.5.2\junit-jupiter-params-5.5.2.jar;D:\Maven\maven_repository\org\junit\jupiter\junit-jupiter-engine\5.5.2\junit-jupiter-engine-5.5.2.jar;D:\Maven\maven_repository\org\junit\vintage\junit-vintage-engine\5.5.2\junit-vintage-engine-5.5.2.jar;D:\Maven\maven_repository\org\apiguardian\apiguardian-api\1.1.0\apiguardian-api-1.1.0.jar;D:\Maven\maven_repository\org\junit\platform\junit-platform-engine\1.5.2\junit-platform-engine-1.5.2.jar;D:\Maven\maven_repository\junit\junit\4.12\junit-4.12.jar;D:\Maven\maven_repository\org\mockito\mockito-junit-jupiter\3.1.0\mockito-junit-jupiter-3.1.0.jar;D:\Maven\maven_repository\org\assertj\assertj-core\3.13.2\assertj-core-3.13.2.jar;D:\Maven\maven_repository\org\hamcrest\hamcrest\2.1\hamcrest-2.1.jar;D:\Maven\maven_repository\org\mockito\mockito-core\3.1.0\mockito-core-3.1.0.jar;D:\Maven\maven_repository\net\bytebuddy\byte-buddy\1.10.8\byte-buddy-1.10.8.jar;D:\Maven\maven_repository\net\bytebuddy\byte-buddy-agent\1.10.8\byte-buddy-agent-1.10.8.jar;D:\Maven\maven_repository\org\objenesis\objenesis\2.6\objenesis-2.6.jar;D:\Maven\maven_repository\org\skyscreamer\jsonassert\1.5.0\jsonassert-1.5.0.jar;D:\Maven\maven_repository\com\vaadin\external\google\android-json\0.0.20131108.vaadin1\android-json-0.0.20131108.vaadin1.jar;D:\Maven\maven_repository\org\springframework\spring-core\5.2.4.RELEASE\spring-core-5.2.4.RELEASE.jar;D:\Maven\maven_repository\org\springframework\spring-jcl\5.2.4.RELEASE\spring-jcl-5.2.4.RELEASE.jar;D:\Maven\maven_repository\org\springframework\spring-test\5.2.4.RELEASE\spring-test-5.2.4.RELEASE.jar;D:\Maven\maven_repository\org\xmlunit\xmlunit-core\2.6.3\xmlunit-core-2.6.3.jar;D:\Maven\maven_repository\org\springframework\boot\spring-boot-starter-data-redis\2.2.5.RELEASE\spring-boot-starter-data-redis-2.2.5.RELEASE.jar;D:\Maven\maven_repository\org\springframework\data\spring-data-redis\2.2.5.RELEASE\spring-data-redis-2.2.5.RELEASE.jar;D:\Maven\maven_repository\org\springframework\data\spring-data-keyvalue\2.2.5.RELEASE\spring-data-keyvalue-2.2.5.RELEASE.jar;D:\Maven\maven_repository\org\springframework\data\spring-data-commons\2.2.5.RELEASE\spring-data-commons-2.2.5.RELEASE.jar;D:\Maven\maven_repository\org\springframework\spring-oxm\5.2.4.RELEASE\spring-oxm-5.2.4.RELEASE.jar;D:\Maven\maven_repository\org\springframework\spring-context-support\5.2.4.RELEASE\spring-context-support-5.2.4.RELEASE.jar;D:\Maven\maven_repository\io\lettuce\lettuce-core\5.2.2.RELEASE\lettuce-core-5.2.2.RELEASE.jar;D:\Maven\maven_repository\io\netty\netty-common\4.1.45.Final\netty-common-4.1.45.Final.jar;D:\Maven\maven_repository\io\netty\netty-handler\4.1.45.Final\netty-handler-4.1.45.Final.jar;D:\Maven\maven_repository\io\netty\netty-buffer\4.1.45.Final\netty-buffer-4.1.45.Final.jar;D:\Maven\maven_repository\io\netty\netty-codec\4.1.45.Final\netty-codec-4.1.45.Final.jar;D:\Maven\maven_repository\io\netty\netty-transport\4.1.45.Final\netty-transport-4.1.45.Final.jar;D:\Maven\maven_repository\io\netty\netty-resolver\4.1.45.Final\netty-resolver-4.1.45.Final.jar;D:\Maven\maven_repository\io\projectreactor\reactor-core\3.3.3.RELEASE\reactor-core-3.3.3.RELEASE.jar;D:\Maven\maven_repository\org\reactivestreams\reactive-streams\1.0.3\reactive-streams-1.0.3.jar;D:\Maven\maven_repository\org\apache\commons\commons-lang3\3.9\commons-lang3-3.9.jar;D:\Maven\maven_repository\org\projectlombok\lombok\1.18.12\lombok-1.18.12.jar;"/>
    <property name="java.vm.vendor" value="Oracle Corporation"/>
    <property name="sun.arch.data.model" value="64"/>
    <property name="user.variant" value=""/>
    <property name="java.vendor.url" value="http://java.oracle.com/"/>
    <property name="user.timezone" value="Asia/Shanghai"/>
    <property name="java.vm.specification.version" value="1.8"/>
    <property name="os.name" value="Windows 10"/>
    <property name="user.country" value="CN"/>
    <property name="sun.java.launcher" value="SUN_STANDARD"/>
    <property name="sun.boot.library.path" value="C:\Program Files\Java\jdk1.8.0_171\jre\bin"/>
    <property name="sun.java.command" value="C:\Users\Lenovo\AppData\Local\Temp\surefire3767168021579154084\surefirebooter8033044549386598556.jar C:\Users\Lenovo\AppData\Local\Temp\surefire3767168021579154084 2020-05-19T19-53-34_327-jvmRun1 surefire6553545167727797099tmp surefire_41681598066560770581tmp"/>
    <property name="surefire.test.class.path" value="C:\Users\Lenovo\Desktop\master\spring_zg2_demo\leyou\ly-sms\target\test-classes;C:\Users\Lenovo\Desktop\master\spring_zg2_demo\leyou\ly-sms\target\classes;D:\Maven\maven_repository\com\aliyun\aliyun-java-sdk-core\4.5.1\aliyun-java-sdk-core-4.5.1.jar;D:\Maven\maven_repository\com\google\code\gson\gson\2.8.6\gson-2.8.6.jar;D:\Maven\maven_repository\org\apache\httpcomponents\httpclient\4.5.11\httpclient-4.5.11.jar;D:\Maven\maven_repository\commons-codec\commons-codec\1.13\commons-codec-1.13.jar;D:\Maven\maven_repository\org\apache\httpcomponents\httpcore\4.4.13\httpcore-4.4.13.jar;D:\Maven\maven_repository\commons-logging\commons-logging\1.2\commons-logging-1.2.jar;D:\Maven\maven_repository\javax\xml\bind\jaxb-api\2.3.1\jaxb-api-2.3.1.jar;D:\Maven\maven_repository\javax\activation\javax.activation-api\1.2.0\javax.activation-api-1.2.0.jar;D:\Maven\maven_repository\org\jacoco\org.jacoco.agent\0.8.5\org.jacoco.agent-0.8.5-runtime.jar;D:\Maven\maven_repository\org\ini4j\ini4j\0.5.4\ini4j-0.5.4.jar;D:\Maven\maven_repository\org\slf4j\slf4j-api\1.7.30\slf4j-api-1.7.30.jar;D:\Maven\maven_repository\io\opentracing\opentracing-api\0.33.0\opentracing-api-0.33.0.jar;D:\Maven\maven_repository\io\opentracing\opentracing-util\0.33.0\opentracing-util-0.33.0.jar;D:\Maven\maven_repository\io\opentracing\opentracing-noop\0.33.0\opentracing-noop-0.33.0.jar;D:\Maven\maven_repository\com\aliyun\aliyun-java-sdk-dysmsapi\1.0.0\aliyun-java-sdk-dysmsapi-1.0.0.jar;D:\Maven\maven_repository\org\springframework\boot\spring-boot-starter-amqp\2.2.5.RELEASE\spring-boot-starter-amqp-2.2.5.RELEASE.jar;D:\Maven\maven_repository\org\springframework\boot\spring-boot-starter\2.2.5.RELEASE\spring-boot-starter-2.2.5.RELEASE.jar;D:\Maven\maven_repository\org\springframework\boot\spring-boot\2.2.5.RELEASE\spring-boot-2.2.5.RELEASE.jar;D:\Maven\maven_repository\org\springframework\boot\spring-boot-autoconfigure\2.2.5.RELEASE\spring-boot-autoconfigure-2.2.5.RELEASE.jar;D:\Maven\maven_repository\jakarta\annotation\jakarta.annotation-api\1.3.5\jakarta.annotation-api-1.3.5.jar;D:\Maven\maven_repository\org\yaml\snakeyaml\1.25\snakeyaml-1.25.jar;D:\Maven\maven_repository\org\springframework\spring-messaging\5.2.4.RELEASE\spring-messaging-5.2.4.RELEASE.jar;D:\Maven\maven_repository\org\springframework\spring-beans\5.2.4.RELEASE\spring-beans-5.2.4.RELEASE.jar;D:\Maven\maven_repository\org\springframework\amqp\spring-rabbit\2.2.5.RELEASE\spring-rabbit-2.2.5.RELEASE.jar;D:\Maven\maven_repository\com\rabbitmq\amqp-client\5.7.3\amqp-client-5.7.3.jar;D:\Maven\maven_repository\org\springframework\amqp\spring-amqp\2.2.5.RELEASE\spring-amqp-2.2.5.RELEASE.jar;D:\Maven\maven_repository\org\springframework\retry\spring-retry\1.2.5.RELEASE\spring-retry-1.2.5.RELEASE.jar;D:\Maven\maven_repository\org\springframework\spring-context\5.2.4.RELEASE\spring-context-5.2.4.RELEASE.jar;D:\Maven\maven_repository\org\springframework\spring-tx\5.2.4.RELEASE\spring-tx-5.2.4.RELEASE.jar;C:\Users\Lenovo\Desktop\master\spring_zg2_demo\leyou\ly-common\target\ly-common-1.0-SNAPSHOT.jar;D:\Maven\maven_repository\org\apache\tomcat\embed\tomcat-embed-core\9.0.31\tomcat-embed-core-9.0.31.jar;D:\Maven\maven_repository\org\apache\tomcat\tomcat-annotations-api\9.0.31\tomcat-annotations-api-9.0.31.jar;D:\Maven\maven_repository\com\fasterxml\jackson\core\jackson-databind\2.10.2\jackson-databind-2.10.2.jar;D:\Maven\maven_repository\com\fasterxml\jackson\core\jackson-annotations\2.10.2\jackson-annotations-2.10.2.jar;D:\Maven\maven_repository\com\fasterxml\jackson\core\jackson-core\2.10.2\jackson-core-2.10.2.jar;D:\Maven\maven_repository\org\springframework\boot\spring-boot-starter-logging\2.2.5.RELEASE\spring-boot-starter-logging-2.2.5.RELEASE.jar;D:\Maven\maven_repository\ch\qos\logback\logback-classic\1.2.3\logback-classic-1.2.3.jar;D:\Maven\maven_repository\ch\qos\logback\logback-core\1.2.3\logback-core-1.2.3.jar;D:\Maven\maven_repository\org\apache\logging\log4j\log4j-to-slf4j\2.12.1\log4j-to-slf4j-2.12.1.jar;D:\Maven\maven_repository\org\apache\logging\log4j\log4j-api\2.12.1\log4j-api-2.12.1.jar;D:\Maven\maven_repository\org\slf4j\jul-to-slf4j\1.7.30\jul-to-slf4j-1.7.30.jar;D:\Maven\maven_repository\org\springframework\boot\spring-boot-antlib\2.2.6.RELEASE\spring-boot-antlib-2.2.6.RELEASE.jar;D:\Maven\maven_repository\org\springframework\boot\spring-boot-loader-tools\2.2.5.RELEASE\spring-boot-loader-tools-2.2.5.RELEASE.jar;D:\Maven\maven_repository\org\apache\commons\commons-compress\1.19\commons-compress-1.19.jar;D:\Maven\maven_repository\org\springframework\spring-webmvc\5.2.4.RELEASE\spring-webmvc-5.2.4.RELEASE.jar;D:\Maven\maven_repository\org\springframework\spring-aop\5.2.4.RELEASE\spring-aop-5.2.4.RELEASE.jar;D:\Maven\maven_repository\org\springframework\spring-expression\5.2.4.RELEASE\spring-expression-5.2.4.RELEASE.jar;D:\Maven\maven_repository\org\springframework\spring-web\5.2.4.RELEASE\spring-web-5.2.4.RELEASE.jar;D:\Maven\maven_repository\tk\mybatis\mapper-base\1.1.5\mapper-base-1.1.5.jar;D:\Maven\maven_repository\javax\persistence\persistence-api\1.0\persistence-api-1.0.jar;D:\Maven\maven_repository\tk\mybatis\mapper-core\1.1.5\mapper-core-1.1.5.jar;D:\Maven\maven_repository\tk\mybatis\mapper-extra\1.1.5\mapper-extra-1.1.5.jar;D:\Maven\maven_repository\org\springframework\boot\spring-boot-starter-test\2.2.5.RELEASE\spring-boot-starter-test-2.2.5.RELEASE.jar;D:\Maven\maven_repository\org\springframework\boot\spring-boot-test\2.2.5.RELEASE\spring-boot-test-2.2.5.RELEASE.jar;D:\Maven\maven_repository\org\springframework\boot\spring-boot-test-autoconfigure\2.2.5.RELEASE\spring-boot-test-autoconfigure-2.2.5.RELEASE.jar;D:\Maven\maven_repository\com\jayway\jsonpath\json-path\2.4.0\json-path-2.4.0.jar;D:\Maven\maven_repository\net\minidev\json-smart\2.3\json-smart-2.3.jar;D:\Maven\maven_repository\net\minidev\accessors-smart\1.2\accessors-smart-1.2.jar;D:\Maven\maven_repository\org\ow2\asm\asm\5.0.4\asm-5.0.4.jar;D:\Maven\maven_repository\jakarta\xml\bind\jakarta.xml.bind-api\2.3.2\jakarta.xml.bind-api-2.3.2.jar;D:\Maven\maven_repository\jakarta\activation\jakarta.activation-api\1.2.2\jakarta.activation-api-1.2.2.jar;D:\Maven\maven_repository\org\junit\jupiter\junit-jupiter\5.5.2\junit-jupiter-5.5.2.jar;D:\Maven\maven_repository\org\junit\jupiter\junit-jupiter-api\5.5.2\junit-jupiter-api-5.5.2.jar;D:\Maven\maven_repository\org\opentest4j\opentest4j\1.2.0\opentest4j-1.2.0.jar;D:\Maven\maven_repository\org\junit\platform\junit-platform-commons\1.5.2\junit-platform-commons-1.5.2.jar;D:\Maven\maven_repository\org\junit\jupiter\junit-jupiter-params\5.5.2\junit-jupiter-params-5.5.2.jar;D:\Maven\maven_repository\org\junit\jupiter\junit-jupiter-engine\5.5.2\junit-jupiter-engine-5.5.2.jar;D:\Maven\maven_repository\org\junit\vintage\junit-vintage-engine\5.5.2\junit-vintage-engine-5.5.2.jar;D:\Maven\maven_repository\org\apiguardian\apiguardian-api\1.1.0\apiguardian-api-1.1.0.jar;D:\Maven\maven_repository\org\junit\platform\junit-platform-engine\1.5.2\junit-platform-engine-1.5.2.jar;D:\Maven\maven_repository\junit\junit\4.12\junit-4.12.jar;D:\Maven\maven_repository\org\mockito\mockito-junit-jupiter\3.1.0\mockito-junit-jupiter-3.1.0.jar;D:\Maven\maven_repository\org\assertj\assertj-core\3.13.2\assertj-core-3.13.2.jar;D:\Maven\maven_repository\org\hamcrest\hamcrest\2.1\hamcrest-2.1.jar;D:\Maven\maven_repository\org\mockito\mockito-core\3.1.0\mockito-core-3.1.0.jar;D:\Maven\maven_repository\net\bytebuddy\byte-buddy\1.10.8\byte-buddy-1.10.8.jar;D:\Maven\maven_repository\net\bytebuddy\byte-buddy-agent\1.10.8\byte-buddy-agent-1.10.8.jar;D:\Maven\maven_repository\org\objenesis\objenesis\2.6\objenesis-2.6.jar;D:\Maven\maven_repository\org\skyscreamer\jsonassert\1.5.0\jsonassert-1.5.0.jar;D:\Maven\maven_repository\com\vaadin\external\google\android-json\0.0.20131108.vaadin1\android-json-0.0.20131108.vaadin1.jar;D:\Maven\maven_repository\org\springframework\spring-core\5.2.4.RELEASE\spring-core-5.2.4.RELEASE.jar;D:\Maven\maven_repository\org\springframework\spring-jcl\5.2.4.RELEASE\spring-jcl-5.2.4.RELEASE.jar;D:\Maven\maven_repository\org\springframework\spring-test\5.2.4.RELEASE\spring-test-5.2.4.RELEASE.jar;D:\Maven\maven_repository\org\xmlunit\xmlunit-core\2.6.3\xmlunit-core-2.6.3.jar;D:\Maven\maven_repository\org\springframework\boot\spring-boot-starter-data-redis\2.2.5.RELEASE\spring-boot-starter-data-redis-2.2.5.RELEASE.jar;D:\Maven\maven_repository\org\springframework\data\spring-data-redis\2.2.5.RELEASE\spring-data-redis-2.2.5.RELEASE.jar;D:\Maven\maven_repository\org\springframework\data\spring-data-keyvalue\2.2.5.RELEASE\spring-data-keyvalue-2.2.5.RELEASE.jar;D:\Maven\maven_repository\org\springframework\data\spring-data-commons\2.2.5.RELEASE\spring-data-commons-2.2.5.RELEASE.jar;D:\Maven\maven_repository\org\springframework\spring-oxm\5.2.4.RELEASE\spring-oxm-5.2.4.RELEASE.jar;D:\Maven\maven_repository\org\springframework\spring-context-support\5.2.4.RELEASE\spring-context-support-5.2.4.RELEASE.jar;D:\Maven\maven_repository\io\lettuce\lettuce-core\5.2.2.RELEASE\lettuce-core-5.2.2.RELEASE.jar;D:\Maven\maven_repository\io\netty\netty-common\4.1.45.Final\netty-common-4.1.45.Final.jar;D:\Maven\maven_repository\io\netty\netty-handler\4.1.45.Final\netty-handler-4.1.45.Final.jar;D:\Maven\maven_repository\io\netty\netty-buffer\4.1.45.Final\netty-buffer-4.1.45.Final.jar;D:\Maven\maven_repository\io\netty\netty-codec\4.1.45.Final\netty-codec-4.1.45.Final.jar;D:\Maven\maven_repository\io\netty\netty-transport\4.1.45.Final\netty-transport-4.1.45.Final.jar;D:\Maven\maven_repository\io\netty\netty-resolver\4.1.45.Final\netty-resolver-4.1.45.Final.jar;D:\Maven\maven_repository\io\projectreactor\reactor-core\3.3.3.RELEASE\reactor-core-3.3.3.RELEASE.jar;D:\Maven\maven_repository\org\reactivestreams\reactive-streams\1.0.3\reactive-streams-1.0.3.jar;D:\Maven\maven_repository\org\apache\commons\commons-lang3\3.9\commons-lang3-3.9.jar;D:\Maven\maven_repository\org\projectlombok\lombok\1.18.12\lombok-1.18.12.jar;"/>
    <property name="sun.cpu.endian" value="little"/>
    <property name="user.home" value="C:\Users\Lenovo"/>
    <property name="user.language" value="zh"/>
    <property name="java.specification.vendor" value="Oracle Corporation"/>
    <property name="java.home" value="C:\Program Files\Java\jdk1.8.0_171\jre"/>
    <property name="basedir" value="C:\Users\Lenovo\Desktop\master\spring_zg2_demo\leyou\ly-sms"/>
    <property name="file.separator" value="\"/>
    <property name="line.separator" value="&#10;"/>
    <property name="idea.version2019.2.4" value="true"/>
    <property name="java.vm.specification.vendor" value="Oracle Corporation"/>
    <property name="java.specification.name" value="Java Platform API Specification"/>
    <property name="java.awt.graphicsenv" value="sun.awt.Win32GraphicsEnvironment"/>
    <property name="surefire.real.class.path" value="C:\Users\Lenovo\AppData\Local\Temp\surefire3767168021579154084\surefirebooter8033044549386598556.jar"/>
    <property name="sun.boot.class.path" value="C:\Program Files\Java\jdk1.8.0_171\jre\lib\resources.jar;C:\Program Files\Java\jdk1.8.0_171\jre\lib\rt.jar;C:\Program Files\Java\jdk1.8.0_171\jre\lib\sunrsasign.jar;C:\Program Files\Java\jdk1.8.0_171\jre\lib\jsse.jar;C:\Program Files\Java\jdk1.8.0_171\jre\lib\jce.jar;C:\Program Files\Java\jdk1.8.0_171\jre\lib\charsets.jar;C:\Program Files\Java\jdk1.8.0_171\jre\lib\jfr.jar;C:\Program Files\Java\jdk1.8.0_171\jre\classes"/>
    <property name="user.script" value=""/>
    <property name="sun.management.compiler" value="HotSpot 64-Bit Tiered Compilers"/>
    <property name="java.runtime.version" value="1.8.0_171-b11"/>
    <property name="user.name" value="Lenovo"/>
    <property name="path.separator" value=";"/>
    <property name="os.version" value="10.0"/>
    <property name="java.endorsed.dirs" value="C:\Program Files\Java\jdk1.8.0_171\jre\lib\endorsed"/>
    <property name="java.runtime.name" value="Java(TM) SE Runtime Environment"/>
    <property name="file.encoding" value="GBK"/>
    <property name="java.vm.name" value="Java HotSpot(TM) 64-Bit Server VM"/>
    <property name="localRepository" value="D:\Maven\maven_repository"/>
    <property name="java.vendor.url.bug" value="http://bugreport.sun.com/bugreport/"/>
    <property name="java.io.tmpdir" value="C:\Users\Lenovo\AppData\Local\Temp\"/>
    <property name="java.version" value="1.8.0_171"/>
    <property name="user.dir" value="C:\Users\Lenovo\Desktop\master\spring_zg2_demo\leyou\ly-sms"/>
    <property name="os.arch" value="amd64"/>
    <property name="java.vm.specification.name" value="Java Virtual Machine Specification"/>
    <property name="java.awt.printerjob" value="sun.awt.windows.WPrinterJob"/>
    <property name="sun.os.patch.level" value=""/>
    <property name="java.library.path" value="C:\Program Files\Java\jdk1.8.0_171\jre\bin;C:\WINDOWS\Sun\Java\bin;C:\WINDOWS\system32;C:\WINDOWS;C:\Program Files (x86)\NetSarang\Xshell 6\;C:\Program Files\Java\jdk1.8.0_171\bin;F:\app\Lenovo\product\11.2.0\dbhome_1\bin;C:\Windows\system32;C:\Windows;C:\Windows\System32\Wbem;C:\Windows\System32\WindowsPowerShell\v1.0\;C:\Program Files (x86)\NVIDIA Corporation\PhysX\Common;C:\WINDOWS\system32;C:\WINDOWS;C:\WINDOWS\System32\Wbem;C:\WINDOWS\System32\WindowsPowerShell\v1.0\;C:\WINDOWS\System32\OpenSSH\;C:\Program Files\Java\jdk1.8.0_171\jre\bin;D:\mysql-8.0.12-winx64\bin;C:\Users\Lenovo\AppData\Local\Programs\Python\Python36-32;C:\Program Files\Microsoft SQL Server\Client SDK\ODBC\130\Tools\Binn\;C:\Program Files (x86)\Microsoft SQL Server\140\Tools\Binn\;C:\Program Files\Microsoft SQL Server\140\Tools\Binn\;C:\Program Files\Microsoft SQL Server\140\DTS\Binn\;C:\Program Files (x86)\Microsoft SQL Server\Client SDK\ODBC\130\Tools\Binn\;C:\Program Files (x86)\Microsoft SQL Server\140\DTS\Binn\;C:\Program Files (x86)\Microsoft SQL Server\140\Tools\Binn\ManagementStudio\;C:\Program Files\LLVM\bin;C:\Users\Lenovo\AppData\Local\Programs\Python\Python36-32\Scripts;D:\Maven\apache-maven-3.6.0\bin;D:\Git\cmd;C:\Program Files (x86)\Rational\common;D:\erl10.6\bin;D:\RabbitMQ Server\rabbitmq_server-3.8.3\sbin;D:\NodeJS\;C:\strawberry\c\bin;C:\strawberry\perl\bin;D:\loadrunner\strawberry-perl\perl\bin;C:\Users\Lenovo\AppData\Local\Microsoft\WindowsApps;C:\Users\Lenovo\AppData\Local\Programs\Microsoft VS Code\bin;C:\MinGW\bin;C:\Users\Lenovo\AppData\Roaming\Python\Python36\Scripts;C:\Users\Lenovo\AppData\Roaming\Python\Python36\site-packages;C:\Users\Lenovo\AppData\Roaming\npm;."/>
    <property name="java.vm.info" value="mixed mode"/>
    <property name="java.vendor" value="Oracle Corporation"/>
    <property name="java.vm.version" value="25.171-b11"/>
    <property name="java.ext.dirs" value="C:\Program Files\Java\jdk1.8.0_171\jre\lib\ext;C:\WINDOWS\Sun\Java\lib\ext"/>
    <property name="sun.io.unicode.encoding" value="UnicodeLittle"/>
    <property name="maven.repo.local" value="D:\Maven\maven_repository"/>
    <property name="java.class.version" value="52.0"/>
  </properties>
  <testcase name="test" classname="com.leyou.test.SmsTest" time="11.398"/>
</testsuite>